{"/home/travis/build/npmtest/node-npmtest-nforce/test.js":{"path":"/home/travis/build/npmtest/node-npmtest-nforce/test.js","s":{"1":2,"2":2,"3":2,"4":2,"5":2,"6":2,"7":2,"8":1,"9":2,"10":2,"11":1,"12":1,"13":1,"14":1,"15":2,"16":2,"17":2,"18":2,"19":1,"20":1,"21":2,"22":2,"23":2,"24":1,"25":1,"26":1,"27":1,"28":1,"29":1,"30":1,"31":1,"32":1,"33":1,"34":1,"35":1,"36":1,"37":2,"38":2,"39":1,"40":2,"41":2,"42":1,"43":2,"44":2,"45":1,"46":2,"47":2,"48":1,"49":1,"50":1,"51":1,"52":1},"b":{"1":[2,1,1,1],"2":[1,1,1,1],"3":[1,1],"4":[1,1],"5":[1,1],"6":[1,1],"7":[1,1],"8":[1,1],"9":[1,1,1],"10":[1,1],"11":[1,1],"12":[1,1],"13":[1,1],"14":[1,1],"15":[1,1],"16":[1,1]},"f":{"1":2,"2":2,"3":2,"4":2,"5":2,"6":1,"7":1,"8":2,"9":2,"10":2,"11":2,"12":1},"fnMap":{"1":{"name":"(anonymous_1)","line":12,"loc":{"start":{"line":12,"column":1},"end":{"line":12,"column":13}}},"2":{"name":"(anonymous_2)","line":19,"loc":{"start":{"line":19,"column":5},"end":{"line":19,"column":17}}},"3":{"name":"(anonymous_3)","line":23,"loc":{"start":{"line":23,"column":24},"end":{"line":23,"column":36}}},"4":{"name":"(anonymous_4)","line":61,"loc":{"start":{"line":61,"column":5},"end":{"line":61,"column":17}}},"5":{"name":"(anonymous_5)","line":82,"loc":{"start":{"line":82,"column":5},"end":{"line":82,"column":17}}},"6":{"name":"(anonymous_6)","line":102,"loc":{"start":{"line":102,"column":83},"end":{"line":105,"column":10}},"skip":true},"7":{"name":"(anonymous_7)","line":113,"loc":{"start":{"line":113,"column":77},"end":{"line":116,"column":10}},"skip":true},"8":{"name":"(anonymous_8)","line":129,"loc":{"start":{"line":129,"column":12},"end":{"line":129,"column":40}},"skip":true},"9":{"name":"(anonymous_9)","line":137,"loc":{"start":{"line":137,"column":77},"end":{"line":140,"column":10}},"skip":true},"10":{"name":"(anonymous_10)","line":148,"loc":{"start":{"line":148,"column":83},"end":{"line":151,"column":10}},"skip":true},"11":{"name":"(anonymous_11)","line":159,"loc":{"start":{"line":159,"column":79},"end":{"line":162,"column":10}},"skip":true},"12":{"name":"(anonymous_12)","line":170,"loc":{"start":{"line":170,"column":75},"end":{"line":173,"column":10}},"skip":true}},"statementMap":{"1":{"start":{"line":12,"column":0},"end":{"line":185,"column":5}},"2":{"start":{"line":14,"column":4},"end":{"line":14,"column":14}},"3":{"start":{"line":19,"column":4},"end":{"line":56,"column":9}},"4":{"start":{"line":21,"column":8},"end":{"line":21,"column":19}},"5":{"start":{"line":23,"column":8},"end":{"line":35,"column":13}},"6":{"start":{"line":24,"column":12},"end":{"line":34,"column":13}},"7":{"start":{"line":25,"column":16},"end":{"line":28,"column":30}},"8":{"start":{"line":30,"column":16},"end":{"line":33,"column":27}},"9":{"start":{"line":37,"column":8},"end":{"line":39,"column":21}},"10":{"start":{"line":40,"column":8},"end":{"line":53,"column":9}},"11":{"start":{"line":43,"column":12},"end":{"line":46,"column":14}},"12":{"start":{"line":47,"column":12},"end":{"line":47,"column":18}},"13":{"start":{"line":50,"column":12},"end":{"line":51,"column":46}},"14":{"start":{"line":52,"column":12},"end":{"line":52,"column":18}},"15":{"start":{"line":55,"column":8},"end":{"line":55,"column":35}},"16":{"start":{"line":61,"column":4},"end":{"line":63,"column":9}},"17":{"start":{"line":62,"column":8},"end":{"line":62,"column":15}},"18":{"start":{"line":64,"column":4},"end":{"line":77,"column":5}},"19":{"start":{"line":70,"column":8},"end":{"line":70,"column":14}},"20":{"start":{"line":76,"column":8},"end":{"line":76,"column":14}},"21":{"start":{"line":82,"column":4},"end":{"line":84,"column":9}},"22":{"start":{"line":83,"column":8},"end":{"line":83,"column":15}},"23":{"start":{"line":85,"column":4},"end":{"line":184,"column":5}},"24":{"start":{"line":92,"column":8},"end":{"line":94,"column":63}},"25":{"start":{"line":95,"column":8},"end":{"line":95,"column":14}},"26":{"start":{"line":102,"column":8},"end":{"line":111,"column":10},"skip":true},"27":{"start":{"line":109,"column":12},"end":{"line":109,"column":55},"skip":true},"28":{"start":{"line":110,"column":12},"end":{"line":110,"column":48},"skip":true},"29":{"start":{"line":113,"column":8},"end":{"line":126,"column":10},"skip":true},"30":{"start":{"line":120,"column":12},"end":{"line":120,"column":76},"skip":true},"31":{"start":{"line":121,"column":12},"end":{"line":121,"column":73},"skip":true},"32":{"start":{"line":122,"column":12},"end":{"line":122,"column":74},"skip":true},"33":{"start":{"line":123,"column":12},"end":{"line":123,"column":79},"skip":true},"34":{"start":{"line":124,"column":12},"end":{"line":124,"column":25},"skip":true},"35":{"start":{"line":125,"column":12},"end":{"line":125,"column":45},"skip":true},"36":{"start":{"line":128,"column":8},"end":{"line":135,"column":14},"skip":true},"37":{"start":{"line":133,"column":16},"end":{"line":133,"column":29},"skip":true},"38":{"start":{"line":134,"column":16},"end":{"line":134,"column":55},"skip":true},"39":{"start":{"line":137,"column":8},"end":{"line":146,"column":10},"skip":true},"40":{"start":{"line":144,"column":12},"end":{"line":144,"column":25},"skip":true},"41":{"start":{"line":145,"column":12},"end":{"line":145,"column":45},"skip":true},"42":{"start":{"line":148,"column":8},"end":{"line":157,"column":10},"skip":true},"43":{"start":{"line":155,"column":12},"end":{"line":155,"column":25},"skip":true},"44":{"start":{"line":156,"column":12},"end":{"line":156,"column":48},"skip":true},"45":{"start":{"line":159,"column":8},"end":{"line":168,"column":10},"skip":true},"46":{"start":{"line":166,"column":12},"end":{"line":166,"column":25},"skip":true},"47":{"start":{"line":167,"column":12},"end":{"line":167,"column":46},"skip":true},"48":{"start":{"line":170,"column":8},"end":{"line":179,"column":10},"skip":true},"49":{"start":{"line":177,"column":12},"end":{"line":177,"column":94},"skip":true},"50":{"start":{"line":178,"column":12},"end":{"line":178,"column":48},"skip":true},"51":{"start":{"line":182,"column":8},"end":{"line":182,"column":35},"skip":true},"52":{"start":{"line":183,"column":8},"end":{"line":183,"column":14},"skip":true}},"branchMap":{"1":{"line":25,"type":"binary-expr","locations":[{"start":{"line":25,"column":23},"end":{"line":25,"column":62}},{"start":{"line":26,"column":20},"end":{"line":26,"column":70}},{"start":{"line":27,"column":20},"end":{"line":27,"column":71}},{"start":{"line":28,"column":20},"end":{"line":28,"column":29}}]},"2":{"line":30,"type":"binary-expr","locations":[{"start":{"line":30,"column":23},"end":{"line":30,"column":37}},{"start":{"line":31,"column":20},"end":{"line":31,"column":61}},{"start":{"line":32,"column":20},"end":{"line":32,"column":70}},{"start":{"line":33,"column":20},"end":{"line":33,"column":26}}]},"3":{"line":37,"type":"cond-expr","locations":[{"start":{"line":38,"column":14},"end":{"line":38,"column":20}},{"start":{"line":39,"column":14},"end":{"line":39,"column":20}}]},"4":{"line":40,"type":"switch","locations":[{"start":{"line":42,"column":8},"end":{"line":47,"column":18}},{"start":{"line":49,"column":8},"end":{"line":52,"column":18}}]},"5":{"line":44,"type":"binary-expr","locations":[{"start":{"line":44,"column":16},"end":{"line":44,"column":44}},{"start":{"line":44,"column":48},"end":{"line":44,"column":66}}]},"6":{"line":50,"type":"binary-expr","locations":[{"start":{"line":50,"column":21},"end":{"line":50,"column":49}},{"start":{"line":50,"column":53},"end":{"line":50,"column":72}}]},"7":{"line":64,"type":"switch","locations":[{"start":{"line":69,"column":4},"end":{"line":70,"column":14}},{"start":{"line":75,"column":4},"end":{"line":76,"column":14}}]},"8":{"line":85,"type":"switch","locations":[{"start":{"line":90,"column":4},"end":{"line":95,"column":14}},{"start":{"line":101,"column":4},"end":{"line":183,"column":14},"skip":true}]},"9":{"line":92,"type":"binary-expr","locations":[{"start":{"line":92,"column":18},"end":{"line":92,"column":32}},{"start":{"line":93,"column":12},"end":{"line":93,"column":53}},{"start":{"line":94,"column":12},"end":{"line":94,"column":61}}]},"10":{"line":102,"type":"binary-expr","locations":[{"start":{"line":102,"column":45},"end":{"line":102,"column":79},"skip":true},{"start":{"line":102,"column":83},"end":{"line":111,"column":9},"skip":true}]},"11":{"line":113,"type":"binary-expr","locations":[{"start":{"line":113,"column":42},"end":{"line":113,"column":73},"skip":true},{"start":{"line":113,"column":77},"end":{"line":126,"column":9},"skip":true}]},"12":{"line":128,"type":"binary-expr","locations":[{"start":{"line":128,"column":48},"end":{"line":128,"column":85},"skip":true},{"start":{"line":129,"column":12},"end":{"line":135,"column":13},"skip":true}]},"13":{"line":137,"type":"binary-expr","locations":[{"start":{"line":137,"column":42},"end":{"line":137,"column":73},"skip":true},{"start":{"line":137,"column":77},"end":{"line":146,"column":9},"skip":true}]},"14":{"line":148,"type":"binary-expr","locations":[{"start":{"line":148,"column":45},"end":{"line":148,"column":79},"skip":true},{"start":{"line":148,"column":83},"end":{"line":157,"column":9},"skip":true}]},"15":{"line":159,"type":"binary-expr","locations":[{"start":{"line":159,"column":43},"end":{"line":159,"column":75},"skip":true},{"start":{"line":159,"column":79},"end":{"line":168,"column":9},"skip":true}]},"16":{"line":170,"type":"binary-expr","locations":[{"start":{"line":170,"column":41},"end":{"line":170,"column":71},"skip":true},{"start":{"line":170,"column":75},"end":{"line":179,"column":9},"skip":true}]}},"code":["/* istanbul instrument in package npmtest_nforce */","/*jslint","    bitwise: true,","    browser: true,","    maxerr: 8,","    maxlen: 96,","    node: true,","    nomen: true,","    regexp: true,","    stupid: true","*/","(function () {","    'use strict';","    var local;","","","","    // run shared js-env code - pre-init","    (function () {","        // init local","        local = {};","        // init modeJs","        local.modeJs = (function () {","            try {","                return typeof navigator.userAgent === 'string' &&","                    typeof document.querySelector('body') === 'object' &&","                    typeof XMLHttpRequest.prototype.open === 'function' &&","                    'browser';","            } catch (errorCaughtBrowser) {","                return module.exports &&","                    typeof process.versions.node === 'string' &&","                    typeof require('http').createServer === 'function' &&","                    'node';","            }","        }());","        // init global","        local.global = local.modeJs === 'browser'","            ? window","            : global;","        switch (local.modeJs) {","        // re-init local from window.local","        case 'browser':","            local = local.global.utility2.objectSetDefault(","                local.global.utility2_rollup || local.global.local,","                local.global.utility2","            );","            break;","        // re-init local from example.js","        case 'node':","            local = (local.global.utility2_rollup || require('utility2'))","                .requireExampleJsFromReadme();","            break;","        }","        // export local","        local.global.local = local;","    }());","","","","    // run shared js-env code - function","    (function () {","        return;","    }());","    switch (local.modeJs) {","","","","    // run browser js-env code - function","    case 'browser':","        break;","","","","    // run node js-env code - function","    case 'node':","        break;","    }","","","","    // run shared js-env code - post-init","    (function () {","        return;","    }());","    switch (local.modeJs) {","","","","    // run browser js-env code - post-init","    case 'browser':","        // run tests","        local.nop(local.modeTest &&","            document.querySelector('#testRunButton1') &&","            document.querySelector('#testRunButton1').click());","        break;","","","","    // run node js-env code - post-init","    /* istanbul ignore next */","    case 'node':","        local.testCase_buildApidoc_default = local.testCase_buildApidoc_default || function (","            options,","            onError","        ) {","        /*","         * this function will test buildApidoc's default handling-behavior-behavior","         */","            options = { modulePathList: module.paths };","            local.buildApidoc(options, onError);","        };","","        local.testCase_buildApp_default = local.testCase_buildApp_default || function (","            options,","            onError","        ) {","        /*","         * this function will test buildApp's default handling-behavior-behavior","         */","            local.testCase_buildReadme_default(options, local.onErrorThrow);","            local.testCase_buildLib_default(options, local.onErrorThrow);","            local.testCase_buildTest_default(options, local.onErrorThrow);","            local.testCase_buildCustomOrg_default(options, local.onErrorThrow);","            options = [];","            local.buildApp(options, onError);","        };","","        local.testCase_buildCustomOrg_default = local.testCase_buildCustomOrg_default ||","            function (options, onError) {","            /*","             * this function will test buildCustomOrg's default handling-behavior","             */","                options = {};","                local.buildCustomOrg(options, onError);","            };","","        local.testCase_buildLib_default = local.testCase_buildLib_default || function (","            options,","            onError","        ) {","        /*","         * this function will test buildLib's default handling-behavior","         */","            options = {};","            local.buildLib(options, onError);","        };","","        local.testCase_buildReadme_default = local.testCase_buildReadme_default || function (","            options,","            onError","        ) {","        /*","         * this function will test buildReadme's default handling-behavior-behavior","         */","            options = {};","            local.buildReadme(options, onError);","        };","","        local.testCase_buildTest_default = local.testCase_buildTest_default || function (","            options,","            onError","        ) {","        /*","         * this function will test buildTest's default handling-behavior","         */","            options = {};","            local.buildTest(options, onError);","        };","","        local.testCase_webpage_default = local.testCase_webpage_default || function (","            options,","            onError","        ) {","        /*","         * this function will test webpage's default handling-behavior","         */","            options = { modeCoverageMerge: true, url: local.serverLocalHost + '?modeTest=1' };","            local.browserTest(options, onError);","        };","","        // run test-server","        local.testRunServer(local);","        break;","    }","}());",""],"l":{"12":2,"14":2,"19":2,"21":2,"23":2,"24":2,"25":2,"30":1,"37":2,"40":2,"43":1,"47":1,"50":1,"52":1,"55":2,"61":2,"62":2,"64":2,"70":1,"76":1,"82":2,"83":2,"85":2,"92":1,"95":1,"102":1,"109":1,"110":1,"113":1,"120":1,"121":1,"122":1,"123":1,"124":1,"125":1,"128":1,"133":2,"134":2,"137":1,"144":2,"145":2,"148":1,"155":2,"156":2,"159":1,"166":2,"167":2,"170":1,"177":1,"178":1,"182":1,"183":1}},"/home/travis/build/npmtest/node-npmtest-nforce/lib.npmtest_nforce.js":{"path":"/home/travis/build/npmtest/node-npmtest-nforce/lib.npmtest_nforce.js","s":{"1":2,"2":2,"3":2,"4":2,"5":2,"6":2,"7":2,"8":1,"9":2,"10":2,"11":2,"12":2,"13":1,"14":1,"15":1,"16":1},"b":{"1":[2,1,1,1],"2":[1,1,1,1],"3":[1,1],"4":[2,2],"5":[1,1]},"f":{"1":2,"2":2,"3":2},"fnMap":{"1":{"name":"(anonymous_1)","line":12,"loc":{"start":{"line":12,"column":1},"end":{"line":12,"column":13}}},"2":{"name":"(anonymous_2)","line":19,"loc":{"start":{"line":19,"column":5},"end":{"line":19,"column":17}}},"3":{"name":"(anonymous_3)","line":23,"loc":{"start":{"line":23,"column":24},"end":{"line":23,"column":36}}}},"statementMap":{"1":{"start":{"line":12,"column":0},"end":{"line":53,"column":5}},"2":{"start":{"line":14,"column":4},"end":{"line":14,"column":14}},"3":{"start":{"line":19,"column":4},"end":{"line":52,"column":9}},"4":{"start":{"line":21,"column":8},"end":{"line":21,"column":19}},"5":{"start":{"line":23,"column":8},"end":{"line":35,"column":13}},"6":{"start":{"line":24,"column":12},"end":{"line":34,"column":13}},"7":{"start":{"line":25,"column":16},"end":{"line":28,"column":30}},"8":{"start":{"line":30,"column":16},"end":{"line":33,"column":27}},"9":{"start":{"line":37,"column":8},"end":{"line":39,"column":21}},"10":{"start":{"line":41,"column":8},"end":{"line":41,"column":54}},"11":{"start":{"line":43,"column":8},"end":{"line":43,"column":51}},"12":{"start":{"line":45,"column":8},"end":{"line":51,"column":9}},"13":{"start":{"line":46,"column":12},"end":{"line":46,"column":57}},"14":{"start":{"line":48,"column":12},"end":{"line":48,"column":35}},"15":{"start":{"line":49,"column":12},"end":{"line":49,"column":49}},"16":{"start":{"line":50,"column":12},"end":{"line":50,"column":43}}},"branchMap":{"1":{"line":25,"type":"binary-expr","locations":[{"start":{"line":25,"column":23},"end":{"line":25,"column":62}},{"start":{"line":26,"column":20},"end":{"line":26,"column":70}},{"start":{"line":27,"column":20},"end":{"line":27,"column":71}},{"start":{"line":28,"column":20},"end":{"line":28,"column":29}}]},"2":{"line":30,"type":"binary-expr","locations":[{"start":{"line":30,"column":23},"end":{"line":30,"column":37}},{"start":{"line":31,"column":20},"end":{"line":31,"column":61}},{"start":{"line":32,"column":20},"end":{"line":32,"column":70}},{"start":{"line":33,"column":20},"end":{"line":33,"column":26}}]},"3":{"line":37,"type":"cond-expr","locations":[{"start":{"line":38,"column":14},"end":{"line":38,"column":20}},{"start":{"line":39,"column":14},"end":{"line":39,"column":20}}]},"4":{"line":41,"type":"binary-expr","locations":[{"start":{"line":41,"column":16},"end":{"line":41,"column":44}},{"start":{"line":41,"column":48},"end":{"line":41,"column":53}}]},"5":{"line":45,"type":"if","locations":[{"start":{"line":45,"column":8},"end":{"line":45,"column":8}},{"start":{"line":45,"column":8},"end":{"line":45,"column":8}}]}},"code":["/* istanbul instrument in package npmtest_nforce */","/*jslint","    bitwise: true,","    browser: true,","    maxerr: 8,","    maxlen: 96,","    node: true,","    nomen: true,","    regexp: true,","    stupid: true","*/","(function () {","    'use strict';","    var local;","","","","    // run shared js-env code - pre-init","    (function () {","        // init local","        local = {};","        // init modeJs","        local.modeJs = (function () {","            try {","                return typeof navigator.userAgent === 'string' &&","                    typeof document.querySelector('body') === 'object' &&","                    typeof XMLHttpRequest.prototype.open === 'function' &&","                    'browser';","            } catch (errorCaughtBrowser) {","                return module.exports &&","                    typeof process.versions.node === 'string' &&","                    typeof require('http').createServer === 'function' &&","                    'node';","            }","        }());","        // init global","        local.global = local.modeJs === 'browser'","            ? window","            : global;","        // init utility2_rollup","        local = local.global.utility2_rollup || local;","        // init lib","        local.local = local.npmtest_nforce = local;","        // init exports","        if (local.modeJs === 'browser') {","            local.global.utility2_npmtest_nforce = local;","        } else {","            module.exports = local;","            module.exports.__dirname = __dirname;","            module.exports.module = module;","        }","    }());","}());",""],"l":{"12":2,"14":2,"19":2,"21":2,"23":2,"24":2,"25":2,"30":1,"37":2,"41":2,"43":2,"45":2,"46":1,"48":1,"49":1,"50":1}},"/home/travis/build/npmtest/node-npmtest-nforce/example.js":{"path":"/home/travis/build/npmtest/node-npmtest-nforce/example.js","s":{"1":2,"2":2,"3":2,"4":2,"5":2,"6":2,"7":2,"8":1,"9":2,"10":2,"11":2,"12":2,"13":1,"14":2,"15":2,"16":2,"17":2,"18":2,"19":0,"20":2,"21":1,"22":1,"23":1,"24":1,"25":1,"26":0,"27":0,"28":1,"29":1,"30":2,"31":0,"32":0,"33":0,"34":1,"35":2,"36":2,"37":2,"38":2,"39":2,"40":2,"41":0,"42":2,"43":2,"44":2,"45":1,"46":3,"47":1,"48":1,"49":1,"50":1,"51":1,"52":1,"53":1,"54":1,"55":1,"56":1,"57":0,"58":1,"59":6,"60":6,"61":1,"62":2,"63":0,"64":2,"65":1,"66":1,"67":0,"68":0,"69":0,"70":0,"71":0,"72":0,"73":0,"74":0,"75":0,"76":0,"77":0,"78":0,"79":0,"80":0,"81":0,"82":0,"83":0},"b":{"1":[2,1,1,1],"2":[1,1,1,1],"3":[1,1],"4":[2,2],"5":[1,1],"6":[1,1],"7":[2,0],"8":[2,1,1,1,1,1],"9":[0,2,0],"10":[1,1],"11":[2,1,1],"12":[1,0],"13":[0,2],"14":[2,0,0,0,0,0,0],"15":[0,2],"16":[2,0],"17":[1,1],"18":[0,1],"19":[1,2,0,2],"20":[1,0],"21":[1,1],"22":[0,0],"23":[0,0],"24":[0,0],"25":[0,0],"26":[0,0],"27":[0,0],"28":[0,0]},"f":{"1":2,"2":2,"3":2,"4":2,"5":2,"6":2,"7":2,"8":2,"9":3,"10":1,"11":6,"12":0},"fnMap":{"1":{"name":"(anonymous_1)","line":26,"loc":{"start":{"line":26,"column":1},"end":{"line":26,"column":13}}},"2":{"name":"(anonymous_2)","line":33,"loc":{"start":{"line":33,"column":5},"end":{"line":33,"column":17}}},"3":{"name":"(anonymous_3)","line":37,"loc":{"start":{"line":37,"column":24},"end":{"line":37,"column":36}}},"4":{"name":"(anonymous_4)","line":69,"loc":{"start":{"line":69,"column":31},"end":{"line":69,"column":48}},"skip":true},"5":{"name":"(anonymous_5)","line":78,"loc":{"start":{"line":78,"column":26},"end":{"line":78,"column":45}},"skip":true},"6":{"name":"(anonymous_6)","line":123,"loc":{"start":{"line":123,"column":33},"end":{"line":123,"column":48}},"skip":true},"7":{"name":"(anonymous_7)","line":125,"loc":{"start":{"line":125,"column":27},"end":{"line":125,"column":39}},"skip":true},"8":{"name":"(anonymous_8)","line":133,"loc":{"start":{"line":133,"column":59},"end":{"line":133,"column":74}},"skip":true},"9":{"name":"(anonymous_9)","line":143,"loc":{"start":{"line":143,"column":45},"end":{"line":143,"column":62}},"skip":true},"10":{"name":"(anonymous_10)","line":144,"loc":{"start":{"line":144,"column":73},"end":{"line":144,"column":92}},"skip":true},"11":{"name":"(anonymous_11)","line":272,"loc":{"start":{"line":272,"column":51},"end":{"line":272,"column":77}},"skip":true},"12":{"name":"(anonymous_12)","line":314,"loc":{"start":{"line":314,"column":32},"end":{"line":314,"column":61}},"skip":true}},"statementMap":{"1":{"start":{"line":26,"column":0},"end":{"line":325,"column":5}},"2":{"start":{"line":28,"column":4},"end":{"line":28,"column":14}},"3":{"start":{"line":33,"column":4},"end":{"line":60,"column":9}},"4":{"start":{"line":35,"column":8},"end":{"line":35,"column":19}},"5":{"start":{"line":37,"column":8},"end":{"line":49,"column":13}},"6":{"start":{"line":38,"column":12},"end":{"line":48,"column":13}},"7":{"start":{"line":39,"column":16},"end":{"line":42,"column":30}},"8":{"start":{"line":44,"column":16},"end":{"line":47,"column":27}},"9":{"start":{"line":51,"column":8},"end":{"line":53,"column":21}},"10":{"start":{"line":55,"column":8},"end":{"line":57,"column":45}},"11":{"start":{"line":59,"column":8},"end":{"line":59,"column":35}},"12":{"start":{"line":61,"column":4},"end":{"line":324,"column":5}},"13":{"start":{"line":69,"column":8},"end":{"line":121,"column":10},"skip":true},"14":{"start":{"line":70,"column":12},"end":{"line":88,"column":13},"skip":true},"15":{"start":{"line":76,"column":16},"end":{"line":87,"column":19},"skip":true},"16":{"start":{"line":79,"column":20},"end":{"line":86,"column":21},"skip":true},"17":{"start":{"line":82,"column":24},"end":{"line":82,"column":43},"skip":true},"18":{"start":{"line":83,"column":24},"end":{"line":83,"column":30},"skip":true},"19":{"start":{"line":85,"column":24},"end":{"line":85,"column":49},"skip":true},"20":{"start":{"line":89,"column":12},"end":{"line":107,"column":13},"skip":true},"21":{"start":{"line":92,"column":16},"end":{"line":102,"column":17},"skip":true},"22":{"start":{"line":93,"column":20},"end":{"line":93,"column":86},"skip":true},"23":{"start":{"line":94,"column":20},"end":{"line":95,"column":45},"skip":true},"24":{"start":{"line":96,"column":20},"end":{"line":96,"column":42},"skip":true},"25":{"start":{"line":97,"column":20},"end":{"line":97,"column":48},"skip":true},"26":{"start":{"line":100,"column":20},"end":{"line":100,"column":85},"skip":true},"27":{"start":{"line":101,"column":20},"end":{"line":101,"column":96},"skip":true},"28":{"start":{"line":103,"column":16},"end":{"line":103,"column":22},"skip":true},"29":{"start":{"line":106,"column":16},"end":{"line":106,"column":22},"skip":true},"30":{"start":{"line":108,"column":12},"end":{"line":120,"column":13},"skip":true},"31":{"start":{"line":114,"column":16},"end":{"line":119,"column":17},"skip":true},"32":{"start":{"line":116,"column":20},"end":{"line":116,"column":78},"skip":true},"33":{"start":{"line":118,"column":20},"end":{"line":118,"column":47},"skip":true},"34":{"start":{"line":123,"column":8},"end":{"line":141,"column":11},"skip":true},"35":{"start":{"line":124,"column":12},"end":{"line":124,"column":54},"skip":true},"36":{"start":{"line":125,"column":12},"end":{"line":140,"column":14},"skip":true},"37":{"start":{"line":126,"column":16},"end":{"line":126,"column":28},"skip":true},"38":{"start":{"line":127,"column":16},"end":{"line":127,"column":69},"skip":true},"39":{"start":{"line":128,"column":16},"end":{"line":128,"column":75},"skip":true},"40":{"start":{"line":129,"column":16},"end":{"line":131,"column":17},"skip":true},"41":{"start":{"line":130,"column":20},"end":{"line":130,"column":27},"skip":true},"42":{"start":{"line":133,"column":16},"end":{"line":137,"column":36},"skip":true},"43":{"start":{"line":134,"column":20},"end":{"line":136,"column":55},"skip":true},"44":{"start":{"line":139,"column":16},"end":{"line":139,"column":57},"skip":true},"45":{"start":{"line":143,"column":8},"end":{"line":147,"column":11},"skip":true},"46":{"start":{"line":144,"column":12},"end":{"line":146,"column":15},"skip":true},"47":{"start":{"line":145,"column":16},"end":{"line":145,"column":70},"skip":true},"48":{"start":{"line":149,"column":8},"end":{"line":149,"column":31},"skip":true},"49":{"start":{"line":150,"column":8},"end":{"line":150,"column":14},"skip":true},"50":{"start":{"line":158,"column":8},"end":{"line":158,"column":31},"skip":true},"51":{"start":{"line":160,"column":8},"end":{"line":160,"column":33},"skip":true},"52":{"start":{"line":161,"column":8},"end":{"line":161,"column":37},"skip":true},"53":{"start":{"line":162,"column":8},"end":{"line":162,"column":35},"skip":true},"54":{"start":{"line":164,"column":8},"end":{"line":164,"column":50},"skip":true},"55":{"start":{"line":166,"column":8},"end":{"line":256,"column":2},"skip":true},"56":{"start":{"line":258,"column":8},"end":{"line":286,"column":9},"skip":true},"57":{"start":{"line":259,"column":12},"end":{"line":269,"column":14},"skip":true},"58":{"start":{"line":271,"column":12},"end":{"line":285,"column":19},"skip":true},"59":{"start":{"line":274,"column":20},"end":{"line":274,"column":35},"skip":true},"60":{"start":{"line":275,"column":20},"end":{"line":284,"column":21},"skip":true},"61":{"start":{"line":277,"column":24},"end":{"line":277,"column":64},"skip":true},"62":{"start":{"line":279,"column":24},"end":{"line":279,"column":40},"skip":true},"63":{"start":{"line":281,"column":24},"end":{"line":281,"column":40},"skip":true},"64":{"start":{"line":283,"column":24},"end":{"line":283,"column":39},"skip":true},"65":{"start":{"line":288,"column":8},"end":{"line":290,"column":9},"skip":true},"66":{"start":{"line":289,"column":12},"end":{"line":289,"column":18},"skip":true},"67":{"start":{"line":291,"column":8},"end":{"line":293,"column":54},"skip":true},"68":{"start":{"line":294,"column":8},"end":{"line":301,"column":37},"skip":true},"69":{"start":{"line":302,"column":8},"end":{"line":302,"column":82},"skip":true},"70":{"start":{"line":305,"column":8},"end":{"line":307,"column":9},"skip":true},"71":{"start":{"line":306,"column":12},"end":{"line":306,"column":82},"skip":true},"72":{"start":{"line":309,"column":8},"end":{"line":311,"column":9},"skip":true},"73":{"start":{"line":310,"column":12},"end":{"line":310,"column":18},"skip":true},"74":{"start":{"line":312,"column":8},"end":{"line":312,"column":54},"skip":true},"75":{"start":{"line":313,"column":8},"end":{"line":313,"column":69},"skip":true},"76":{"start":{"line":314,"column":8},"end":{"line":322,"column":36},"skip":true},"77":{"start":{"line":315,"column":12},"end":{"line":315,"column":61},"skip":true},"78":{"start":{"line":316,"column":12},"end":{"line":319,"column":13},"skip":true},"79":{"start":{"line":317,"column":16},"end":{"line":317,"column":75},"skip":true},"80":{"start":{"line":318,"column":16},"end":{"line":318,"column":23},"skip":true},"81":{"start":{"line":320,"column":12},"end":{"line":320,"column":38},"skip":true},"82":{"start":{"line":321,"column":12},"end":{"line":321,"column":27},"skip":true},"83":{"start":{"line":323,"column":8},"end":{"line":323,"column":14},"skip":true}},"branchMap":{"1":{"line":39,"type":"binary-expr","locations":[{"start":{"line":39,"column":23},"end":{"line":39,"column":62}},{"start":{"line":40,"column":20},"end":{"line":40,"column":70}},{"start":{"line":41,"column":20},"end":{"line":41,"column":71}},{"start":{"line":42,"column":20},"end":{"line":42,"column":29}}]},"2":{"line":44,"type":"binary-expr","locations":[{"start":{"line":44,"column":23},"end":{"line":44,"column":37}},{"start":{"line":45,"column":20},"end":{"line":45,"column":61}},{"start":{"line":46,"column":20},"end":{"line":46,"column":70}},{"start":{"line":47,"column":20},"end":{"line":47,"column":26}}]},"3":{"line":51,"type":"cond-expr","locations":[{"start":{"line":52,"column":14},"end":{"line":52,"column":20}},{"start":{"line":53,"column":14},"end":{"line":53,"column":20}}]},"4":{"line":55,"type":"binary-expr","locations":[{"start":{"line":55,"column":16},"end":{"line":55,"column":44}},{"start":{"line":55,"column":49},"end":{"line":57,"column":43}}]},"5":{"line":55,"type":"cond-expr","locations":[{"start":{"line":56,"column":14},"end":{"line":56,"column":50}},{"start":{"line":57,"column":14},"end":{"line":57,"column":43}}]},"6":{"line":61,"type":"switch","locations":[{"start":{"line":68,"column":4},"end":{"line":150,"column":14},"skip":true},{"start":{"line":156,"column":4},"end":{"line":323,"column":14},"skip":true}]},"7":{"line":70,"type":"if","locations":[{"start":{"line":70,"column":12},"end":{"line":70,"column":12},"skip":true},{"start":{"line":70,"column":12},"end":{"line":70,"column":12},"skip":true}]},"8":{"line":70,"type":"binary-expr","locations":[{"start":{"line":70,"column":16},"end":{"line":70,"column":22},"skip":true},{"start":{"line":70,"column":27},"end":{"line":70,"column":32},"skip":true},{"start":{"line":71,"column":20},"end":{"line":71,"column":39},"skip":true},{"start":{"line":72,"column":20},"end":{"line":72,"column":49},"skip":true},{"start":{"line":73,"column":20},"end":{"line":73,"column":58},"skip":true},{"start":{"line":74,"column":20},"end":{"line":74,"column":69},"skip":true}]},"9":{"line":79,"type":"switch","locations":[{"start":{"line":80,"column":20},"end":{"line":80,"column":33},"skip":true},{"start":{"line":81,"column":20},"end":{"line":83,"column":30},"skip":true},{"start":{"line":84,"column":20},"end":{"line":85,"column":49},"skip":true}]},"10":{"line":89,"type":"switch","locations":[{"start":{"line":90,"column":12},"end":{"line":103,"column":22},"skip":true},{"start":{"line":105,"column":12},"end":{"line":106,"column":22},"skip":true}]},"11":{"line":89,"type":"binary-expr","locations":[{"start":{"line":89,"column":20},"end":{"line":89,"column":25},"skip":true},{"start":{"line":89,"column":29},"end":{"line":89,"column":48},"skip":true},{"start":{"line":89,"column":52},"end":{"line":89,"column":74},"skip":true}]},"12":{"line":92,"type":"if","locations":[{"start":{"line":92,"column":16},"end":{"line":92,"column":16},"skip":true},{"start":{"line":92,"column":16},"end":{"line":92,"column":16},"skip":true}]},"13":{"line":108,"type":"if","locations":[{"start":{"line":108,"column":12},"end":{"line":108,"column":12},"skip":true},{"start":{"line":108,"column":12},"end":{"line":108,"column":12},"skip":true}]},"14":{"line":108,"type":"binary-expr","locations":[{"start":{"line":108,"column":16},"end":{"line":108,"column":61},"skip":true},{"start":{"line":108,"column":66},"end":{"line":108,"column":72},"skip":true},{"start":{"line":108,"column":77},"end":{"line":108,"column":82},"skip":true},{"start":{"line":109,"column":20},"end":{"line":109,"column":39},"skip":true},{"start":{"line":110,"column":20},"end":{"line":110,"column":49},"skip":true},{"start":{"line":111,"column":20},"end":{"line":111,"column":58},"skip":true},{"start":{"line":112,"column":20},"end":{"line":112,"column":68},"skip":true}]},"15":{"line":129,"type":"if","locations":[{"start":{"line":129,"column":16},"end":{"line":129,"column":16},"skip":true},{"start":{"line":129,"column":16},"end":{"line":129,"column":16},"skip":true}]},"16":{"line":134,"type":"cond-expr","locations":[{"start":{"line":135,"column":26},"end":{"line":135,"column":29},"skip":true},{"start":{"line":136,"column":26},"end":{"line":136,"column":54},"skip":true}]},"17":{"line":164,"type":"binary-expr","locations":[{"start":{"line":164,"column":27},"end":{"line":164,"column":43},"skip":true},{"start":{"line":164,"column":47},"end":{"line":164,"column":49},"skip":true}]},"18":{"line":258,"type":"if","locations":[{"start":{"line":258,"column":8},"end":{"line":258,"column":8},"skip":true},{"start":{"line":258,"column":8},"end":{"line":258,"column":8},"skip":true}]},"19":{"line":275,"type":"switch","locations":[{"start":{"line":276,"column":20},"end":{"line":277,"column":64},"skip":true},{"start":{"line":278,"column":20},"end":{"line":279,"column":40},"skip":true},{"start":{"line":280,"column":20},"end":{"line":281,"column":40},"skip":true},{"start":{"line":282,"column":20},"end":{"line":283,"column":39},"skip":true}]},"20":{"line":288,"type":"if","locations":[{"start":{"line":288,"column":8},"end":{"line":288,"column":8},"skip":true},{"start":{"line":288,"column":8},"end":{"line":288,"column":8},"skip":true}]},"21":{"line":288,"type":"binary-expr","locations":[{"start":{"line":288,"column":12},"end":{"line":288,"column":40},"skip":true},{"start":{"line":288,"column":44},"end":{"line":288,"column":67},"skip":true}]},"22":{"line":292,"type":"binary-expr","locations":[{"start":{"line":292,"column":12},"end":{"line":292,"column":50},"skip":true},{"start":{"line":293,"column":12},"end":{"line":293,"column":53},"skip":true}]},"23":{"line":295,"type":"binary-expr","locations":[{"start":{"line":295,"column":12},"end":{"line":295,"column":64},"skip":true},{"start":{"line":296,"column":12},"end":{"line":301,"column":36},"skip":true}]},"24":{"line":302,"type":"binary-expr","locations":[{"start":{"line":302,"column":43},"end":{"line":302,"column":75},"skip":true},{"start":{"line":302,"column":79},"end":{"line":302,"column":81},"skip":true}]},"25":{"line":305,"type":"if","locations":[{"start":{"line":305,"column":8},"end":{"line":305,"column":8},"skip":true},{"start":{"line":305,"column":8},"end":{"line":305,"column":8},"skip":true}]},"26":{"line":309,"type":"if","locations":[{"start":{"line":309,"column":8},"end":{"line":309,"column":8},"skip":true},{"start":{"line":309,"column":8},"end":{"line":309,"column":8},"skip":true}]},"27":{"line":312,"type":"binary-expr","locations":[{"start":{"line":312,"column":27},"end":{"line":312,"column":43},"skip":true},{"start":{"line":312,"column":47},"end":{"line":312,"column":53},"skip":true}]},"28":{"line":316,"type":"if","locations":[{"start":{"line":316,"column":12},"end":{"line":316,"column":12},"skip":true},{"start":{"line":316,"column":12},"end":{"line":316,"column":12},"skip":true}]}},"code":["/*","example.js","","quickstart example","","instruction","    1. save this script as example.js","    2. run the shell command:","        $ npm install npmtest-nforce && PORT=8081 node example.js","    3. play with the browser-demo on http://127.0.0.1:8081","*/","","","","/* istanbul instrument in package npmtest_nforce */","/*jslint","    bitwise: true,","    browser: true,","    maxerr: 8,","    maxlen: 96,","    node: true,","    nomen: true,","    regexp: true,","    stupid: true","*/","(function () {","    'use strict';","    var local;","","","","    // run shared js-env code - pre-init","    (function () {","        // init local","        local = {};","        // init modeJs","        local.modeJs = (function () {","            try {","                return typeof navigator.userAgent === 'string' &&","                    typeof document.querySelector('body') === 'object' &&","                    typeof XMLHttpRequest.prototype.open === 'function' &&","                    'browser';","            } catch (errorCaughtBrowser) {","                return module.exports &&","                    typeof process.versions.node === 'string' &&","                    typeof require('http').createServer === 'function' &&","                    'node';","            }","        }());","        // init global","        local.global = local.modeJs === 'browser'","            ? window","            : global;","        // init utility2_rollup","        local = local.global.utility2_rollup || (local.modeJs === 'browser'","            ? local.global.utility2_npmtest_nforce","            : global.utility2_moduleExports);","        // export local","        local.global.local = local;","    }());","    switch (local.modeJs) {","","","","    // post-init","    // run browser js-env code - post-init","    /* istanbul ignore next */","    case 'browser':","        local.testRunBrowser = function (event) {","            if (!event || (event &&","                    event.currentTarget &&","                    event.currentTarget.className &&","                    event.currentTarget.className.includes &&","                    event.currentTarget.className.includes('onreset'))) {","                // reset output","                Array.from(","                    document.querySelectorAll('body > .resettable')","                ).forEach(function (element) {","                    switch (element.tagName) {","                    case 'INPUT':","                    case 'TEXTAREA':","                        element.value = '';","                        break;","                    default:","                        element.textContent = '';","                    }","                });","            }","            switch (event && event.currentTarget && event.currentTarget.id) {","            case 'testRunButton1':","                // show tests","                if (document.querySelector('#testReportDiv1').style.display === 'none') {","                    document.querySelector('#testReportDiv1').style.display = 'block';","                    document.querySelector('#testRunButton1').textContent =","                        'hide internal test';","                    local.modeTest = true;","                    local.testRunDefault(local);","                // hide tests","                } else {","                    document.querySelector('#testReportDiv1').style.display = 'none';","                    document.querySelector('#testRunButton1').textContent = 'run internal test';","                }","                break;","            // custom-case","            default:","                break;","            }","            if (document.querySelector('#inputTextareaEval1') && (!event || (event &&","                    event.currentTarget &&","                    event.currentTarget.className &&","                    event.currentTarget.className.includes &&","                    event.currentTarget.className.includes('oneval')))) {","                // try to eval input-code","                try {","                    /*jslint evil: true*/","                    eval(document.querySelector('#inputTextareaEval1').value);","                } catch (errorCaught) {","                    console.error(errorCaught);","                }","            }","        };","        // log stderr and stdout to #outputTextareaStdout1","        ['error', 'log'].forEach(function (key) {","            console[key + '_original'] = console[key];","            console[key] = function () {","                var element;","                console[key + '_original'].apply(console, arguments);","                element = document.querySelector('#outputTextareaStdout1');","                if (!element) {","                    return;","                }","                // append text to #outputTextareaStdout1","                element.value += Array.from(arguments).map(function (arg) {","                    return typeof arg === 'string'","                        ? arg","                        : JSON.stringify(arg, null, 4);","                }).join(' ') + '\\n';","                // scroll textarea to bottom","                element.scrollTop = element.scrollHeight;","            };","        });","        // init event-handling","        ['change', 'click', 'keyup'].forEach(function (event) {","            Array.from(document.querySelectorAll('.on' + event)).forEach(function (element) {","                element.addEventListener(event, local.testRunBrowser);","            });","        });","        // run tests","        local.testRunBrowser();","        break;","","","","    // run node js-env code - post-init","    /* istanbul ignore next */","    case 'node':","        // export local","        module.exports = local;","        // require modules","        local.fs = require('fs');","        local.http = require('http');","        local.url = require('url');","        // init assets","        local.assetsDict = local.assetsDict || {};","        /* jslint-ignore-begin */","        local.assetsDict['/assets.index.template.html'] = '\\","<!doctype html>\\n\\","<html lang=\"en\">\\n\\","<head>\\n\\","<meta charset=\"UTF-8\">\\n\\","<meta name=\"viewport\" content=\"width=device-width, initial-scale=1\">\\n\\","<title>{{env.npm_package_name}} (v{{env.npm_package_version}})</title>\\n\\","<style>\\n\\","/*csslint\\n\\","    box-sizing: false,\\n\\","    universal-selector: false\\n\\","*/\\n\\","* {\\n\\","    box-sizing: border-box;\\n\\","}\\n\\","body {\\n\\","    background: #dde;\\n\\","    font-family: Arial, Helvetica, sans-serif;\\n\\","    margin: 2rem;\\n\\","}\\n\\","body > * {\\n\\","    margin-bottom: 1rem;\\n\\","}\\n\\",".utility2FooterDiv {\\n\\","    margin-top: 20px;\\n\\","    text-align: center;\\n\\","}\\n\\","</style>\\n\\","<style>\\n\\","/*csslint\\n\\","*/\\n\\","textarea {\\n\\","    font-family: monospace;\\n\\","    height: 10rem;\\n\\","    width: 100%;\\n\\","}\\n\\","textarea[readonly] {\\n\\","    background: #ddd;\\n\\","}\\n\\","</style>\\n\\","</head>\\n\\","<body>\\n\\","<!-- utility2-comment\\n\\","<div id=\"ajaxProgressDiv1\" style=\"background: #d00; height: 2px; left: 0; margin: 0; padding: 0; position: fixed; top: 0; transition: background 0.5s, width 1.5s; width: 25%;\"></div>\\n\\","utility2-comment -->\\n\\","<h1>\\n\\","<!-- utility2-comment\\n\\","    <a\\n\\","        {{#if env.npm_package_homepage}}\\n\\","        href=\"{{env.npm_package_homepage}}\"\\n\\","        {{/if env.npm_package_homepage}}\\n\\","        target=\"_blank\"\\n\\","    >\\n\\","utility2-comment -->\\n\\","        {{env.npm_package_name}} (v{{env.npm_package_version}})\\n\\","<!-- utility2-comment\\n\\","    </a>\\n\\","utility2-comment -->\\n\\","</h1>\\n\\","<h3>{{env.npm_package_description}}</h3>\\n\\","<!-- utility2-comment\\n\\","<h4><a download href=\"assets.app.js\">download standalone app</a></h4>\\n\\","<button class=\"onclick onreset\" id=\"testRunButton1\">run internal test</button><br>\\n\\","<div id=\"testReportDiv1\" style=\"display: none;\"></div>\\n\\","utility2-comment -->\\n\\","\\n\\","\\n\\","\\n\\","<label>stderr and stdout</label>\\n\\","<textarea class=\"resettable\" id=\"outputTextareaStdout1\" readonly></textarea>\\n\\","<!-- utility2-comment\\n\\","{{#if isRollup}}\\n\\","<script src=\"assets.app.js\"></script>\\n\\","{{#unless isRollup}}\\n\\","utility2-comment -->\\n\\","<script src=\"assets.utility2.rollup.js\"></script>\\n\\","<script src=\"jsonp.utility2._stateInit?callback=window.utility2._stateInit\"></script>\\n\\","<script src=\"assets.npmtest_nforce.rollup.js\"></script>\\n\\","<script src=\"assets.example.js\"></script>\\n\\","<script src=\"assets.test.js\"></script>\\n\\","<!-- utility2-comment\\n\\","{{/if isRollup}}\\n\\","utility2-comment -->\\n\\","<div class=\"utility2FooterDiv\">\\n\\","    [ this app was created with\\n\\","    <a href=\"https://github.com/kaizhu256/node-utility2\" target=\"_blank\">utility2</a>\\n\\","    ]\\n\\","</div>\\n\\","</body>\\n\\","</html>\\n\\","';","        /* jslint-ignore-end */","        if (local.templateRender) {","            local.assetsDict['/'] = local.templateRender(","                local.assetsDict['/assets.index.template.html'],","                {","                    env: local.objectSetDefault(local.env, {","                        npm_package_description: 'the greatest app in the world!',","                        npm_package_name: 'my-app',","                        npm_package_nameAlias: 'my_app',","                        npm_package_version: '0.0.1'","                    })","                }","            );","        } else {","            local.assetsDict['/'] = local.assetsDict['/assets.index.template.html']","                .replace((/\\{\\{env\\.(\\w+?)\\}\\}/g), function (match0, match1) {","                    // jslint-hack","                    String(match0);","                    switch (match1) {","                    case 'npm_package_description':","                        return 'the greatest app in the world!';","                    case 'npm_package_name':","                        return 'my-app';","                    case 'npm_package_nameAlias':","                        return 'my_app';","                    case 'npm_package_version':","                        return '0.0.1';","                    }","                });","        }","        // run the cli","        if (local.global.utility2_rollup || module !== require.main) {","            break;","        }","        local.assetsDict['/assets.example.js'] =","            local.assetsDict['/assets.example.js'] ||","            local.fs.readFileSync(__filename, 'utf8');","        local.assetsDict['/assets.npmtest_nforce.rollup.js'] =","            local.assetsDict['/assets.npmtest_nforce.rollup.js'] ||","            local.fs.readFileSync(","                // buildCustomOrg-hack","                local.npmtest_nforce.__dirname +","                    '/lib.npmtest_nforce.js',","                'utf8'","            ).replace((/^#!/), '//');","        local.assetsDict['/favicon.ico'] = local.assetsDict['/favicon.ico'] || '';","        // if $npm_config_timeout_exit exists,","        // then exit this process after $npm_config_timeout_exit ms","        if (Number(process.env.npm_config_timeout_exit)) {","            setTimeout(process.exit, Number(process.env.npm_config_timeout_exit));","        }","        // start server","        if (local.global.utility2_serverHttp1) {","            break;","        }","        process.env.PORT = process.env.PORT || '8081';","        console.error('server starting on port ' + process.env.PORT);","        local.http.createServer(function (request, response) {","            request.urlParsed = local.url.parse(request.url);","            if (local.assetsDict[request.urlParsed.pathname] !== undefined) {","                response.end(local.assetsDict[request.urlParsed.pathname]);","                return;","            }","            response.statusCode = 404;","            response.end();","        }).listen(process.env.PORT);","        break;","    }","}());",""],"l":{"26":2,"28":2,"33":2,"35":2,"37":2,"38":2,"39":2,"44":1,"51":2,"55":2,"59":2,"61":2,"69":1,"70":2,"76":2,"79":2,"82":2,"83":2,"85":1,"89":2,"92":1,"93":1,"94":1,"96":1,"97":1,"100":1,"101":1,"103":1,"106":1,"108":2,"114":1,"116":1,"118":1,"123":1,"124":2,"125":2,"126":2,"127":2,"128":2,"129":2,"130":1,"133":2,"134":2,"139":2,"143":1,"144":3,"145":1,"149":1,"150":1,"158":1,"160":1,"161":1,"162":1,"164":1,"166":1,"258":1,"259":1,"271":1,"274":6,"275":6,"277":1,"279":2,"281":1,"283":2,"288":1,"289":1,"291":1,"294":1,"302":1,"305":1,"306":1,"309":1,"310":1,"312":1,"313":1,"314":1,"315":1,"316":1,"317":1,"318":1,"320":1,"321":1,"323":1}},"/home/travis/build/npmtest/node-npmtest-nforce/node_modules/nforce/index.js":{"path":"/home/travis/build/npmtest/node-npmtest-nforce/node_modules/nforce/index.js","s":{"1":1,"2":1,"3":1,"4":1,"5":1,"6":1,"7":1,"8":1,"9":1,"10":1,"11":1,"12":1,"13":1,"14":1,"15":1,"16":1,"17":1,"18":1,"19":1,"20":1,"21":1,"22":0,"23":0,"24":0,"25":0,"26":0,"27":0,"28":0,"29":0,"30":0,"31":0,"32":0,"33":0,"34":0,"35":0,"36":0,"37":0,"38":0,"39":0,"40":0,"41":0,"42":0,"43":0,"44":0,"45":0,"46":0,"47":0,"48":0,"49":0,"50":0,"51":0,"52":0,"53":0,"54":0,"55":0,"56":0,"57":0,"58":0,"59":0,"60":0,"61":1,"62":0,"63":1,"64":0,"65":1,"66":0,"67":1,"68":0,"69":1,"70":0,"71":1,"72":0,"73":1,"74":0,"75":1,"76":0,"77":1,"78":0,"79":0,"80":0,"81":0,"82":0,"83":0,"84":0,"85":0,"86":0,"87":0,"88":0,"89":0,"90":0,"91":0,"92":0,"93":0,"94":0,"95":0,"96":0,"97":1,"98":0,"99":0,"100":0,"101":0,"102":0,"103":0,"104":0,"105":0,"106":0,"107":0,"108":0,"109":0,"110":0,"111":0,"112":0,"113":0,"114":0,"115":0,"116":0,"117":0,"118":0,"119":0,"120":0,"121":0,"122":0,"123":0,"124":0,"125":0,"126":0,"127":0,"128":0,"129":1,"130":0,"131":0,"132":0,"133":0,"134":0,"135":0,"136":0,"137":0,"138":0,"139":0,"140":0,"141":0,"142":0,"143":0,"144":0,"145":0,"146":0,"147":0,"148":0,"149":0,"150":0,"151":0,"152":0,"153":0,"154":0,"155":0,"156":0,"157":0,"158":0,"159":0,"160":0,"161":0,"162":0,"163":0,"164":0,"165":0,"166":0,"167":0,"168":0,"169":0,"170":1,"171":0,"172":0,"173":0,"174":0,"175":0,"176":0,"177":0,"178":0,"179":0,"180":0,"181":0,"182":0,"183":0,"184":0,"185":0,"186":0,"187":0,"188":0,"189":0,"190":0,"191":0,"192":0,"193":0,"194":0,"195":0,"196":0,"197":0,"198":0,"199":0,"200":0,"201":1,"202":0,"203":0,"204":0,"205":0,"206":0,"207":0,"208":0,"209":0,"210":1,"211":0,"212":0,"213":0,"214":0,"215":0,"216":1,"217":0,"218":0,"219":0,"220":0,"221":0,"222":0,"223":1,"224":0,"225":0,"226":0,"227":0,"228":1,"229":0,"230":0,"231":0,"232":0,"233":1,"234":0,"235":0,"236":0,"237":0,"238":1,"239":0,"240":0,"241":0,"242":0,"243":0,"244":1,"245":0,"246":0,"247":0,"248":0,"249":1,"250":0,"251":0,"252":0,"253":0,"254":1,"255":0,"256":0,"257":0,"258":0,"259":1,"260":0,"261":0,"262":0,"263":0,"264":0,"265":0,"266":0,"267":0,"268":1,"269":0,"270":0,"271":0,"272":0,"273":0,"274":0,"275":0,"276":0,"277":0,"278":1,"279":0,"280":0,"281":0,"282":0,"283":0,"284":0,"285":0,"286":0,"287":1,"288":0,"289":0,"290":0,"291":0,"292":0,"293":0,"294":1,"295":0,"296":0,"297":0,"298":0,"299":0,"300":0,"301":0,"302":0,"303":0,"304":0,"305":0,"306":0,"307":0,"308":0,"309":0,"310":0,"311":0,"312":0,"313":1,"314":0,"315":0,"316":0,"317":0,"318":0,"319":0,"320":0,"321":0,"322":0,"323":0,"324":0,"325":0,"326":0,"327":1,"328":0,"329":0,"330":0,"331":0,"332":0,"333":0,"334":1,"335":0,"336":0,"337":0,"338":0,"339":0,"340":0,"341":1,"342":0,"343":0,"344":0,"345":0,"346":0,"347":0,"348":1,"349":0,"350":0,"351":0,"352":0,"353":0,"354":0,"355":1,"356":0,"357":0,"358":1,"359":0,"360":0,"361":0,"362":1,"363":0,"364":0,"365":0,"366":0,"367":0,"368":0,"369":0,"370":0,"371":0,"372":1,"373":0,"374":0,"375":0,"376":0,"377":0,"378":0,"379":0,"380":0,"381":0,"382":0,"383":0,"384":0,"385":0,"386":0,"387":0,"388":1,"389":0,"390":0,"391":0,"392":0,"393":0,"394":0,"395":0,"396":0,"397":0,"398":0,"399":0,"400":0,"401":0,"402":0,"403":0,"404":1,"405":0,"406":0,"407":0,"408":0,"409":1,"410":0,"411":0,"412":0,"413":0,"414":0,"415":0,"416":1,"417":0,"418":0,"419":0,"420":1,"421":0,"422":0,"423":0,"424":1,"425":0,"426":1,"427":0,"428":0,"429":0,"430":0,"431":0,"432":0,"433":0,"434":0,"435":0,"436":0,"437":0,"438":0,"439":0,"440":0,"441":1,"442":0,"443":0,"444":0,"445":0,"446":0,"447":0,"448":0,"449":0,"450":0,"451":0,"452":0,"453":0,"454":0,"455":0,"456":0,"457":0,"458":0,"459":0,"460":0,"461":0,"462":0,"463":0,"464":0,"465":0,"466":1,"467":0,"468":0,"469":0,"470":0,"471":0,"472":0,"473":0,"474":0,"475":0,"476":0,"477":0,"478":0,"479":0,"480":0,"481":0,"482":0,"483":0,"484":0,"485":0,"486":0,"487":0,"488":0,"489":0,"490":0,"491":0,"492":0,"493":0,"494":0,"495":0,"496":0,"497":0,"498":0,"499":0,"500":0,"501":0,"502":0,"503":0,"504":0,"505":0,"506":0,"507":0,"508":0,"509":0,"510":0,"511":1,"512":0,"513":0,"514":0,"515":0,"516":0,"517":0,"518":0,"519":0,"520":0,"521":0,"522":0,"523":0,"524":0,"525":0,"526":0,"527":0,"528":0,"529":0,"530":0,"531":0,"532":0,"533":0,"534":0,"535":0,"536":0,"537":0,"538":0,"539":0,"540":0,"541":0,"542":0,"543":0,"544":0,"545":0,"546":0,"547":0,"548":0,"549":0,"550":0,"551":0,"552":0,"553":0,"554":1,"555":0,"556":0,"557":0,"558":1,"559":0,"560":0,"561":0,"562":0,"563":0,"564":0,"565":1,"566":1,"567":0,"568":0,"569":0,"570":0,"571":0,"572":0,"573":0,"574":0,"575":0,"576":1,"577":0,"578":1,"579":0,"580":0,"581":0,"582":0,"583":1,"584":1},"b":{"1":[0,0],"2":[0,0],"3":[0,0],"4":[0,0],"5":[0,0],"6":[0,0],"7":[0,0],"8":[0,0],"9":[0,0],"10":[0,0],"11":[0,0],"12":[0,0],"13":[0,0],"14":[0,0],"15":[0,0],"16":[0,0],"17":[0,0],"18":[0,0],"19":[0,0],"20":[0,0],"21":[0,0],"22":[0,0],"23":[0,0,0],"24":[0,0],"25":[0,0],"26":[0,0],"27":[0,0],"28":[0,0],"29":[0,0],"30":[0,0],"31":[0,0],"32":[0,0],"33":[0,0],"34":[0,0],"35":[0,0],"36":[0,0],"37":[0,0],"38":[0,0],"39":[0,0],"40":[0,0],"41":[0,0],"42":[0,0],"43":[0,0],"44":[0,0],"45":[0,0],"46":[0,0],"47":[0,0],"48":[0,0],"49":[0,0],"50":[0,0],"51":[0,0],"52":[0,0],"53":[0,0],"54":[0,0],"55":[0,0],"56":[0,0],"57":[0,0],"58":[0,0],"59":[0,0],"60":[0,0],"61":[0,0,0],"62":[0,0],"63":[0,0],"64":[0,0],"65":[0,0],"66":[0,0],"67":[0,0],"68":[0,0],"69":[0,0],"70":[0,0],"71":[0,0],"72":[0,0],"73":[0,0],"74":[0,0,0],"75":[0,0],"76":[0,0,0],"77":[0,0],"78":[0,0],"79":[0,0],"80":[0,0],"81":[0,0],"82":[0,0],"83":[0,0],"84":[0,0],"85":[0,0],"86":[0,0],"87":[0,0],"88":[0,0],"89":[0,0],"90":[0,0],"91":[0,0],"92":[0,0],"93":[0,0],"94":[0,0],"95":[0,0],"96":[0,0],"97":[0,0],"98":[0,0],"99":[0,0],"100":[0,0],"101":[0,0],"102":[0,0],"103":[0,0],"104":[0,0],"105":[0,0],"106":[0,0],"107":[0,0],"108":[0,0],"109":[0,0],"110":[0,0],"111":[0,0],"112":[0,0],"113":[0,0],"114":[0,0],"115":[0,0],"116":[0,0],"117":[0,0],"118":[0,0],"119":[0,0],"120":[0,0],"121":[0,0],"122":[0,0],"123":[0,0],"124":[0,0],"125":[0,0],"126":[0,0],"127":[0,0],"128":[0,0],"129":[0,0],"130":[0,0],"131":[0,0],"132":[0,0],"133":[0,0],"134":[0,0],"135":[0,0],"136":[0,0,0],"137":[0,0],"138":[0,0],"139":[0,0],"140":[0,0],"141":[0,0],"142":[0,0],"143":[0,0],"144":[0,0,0],"145":[0,0],"146":[0,0],"147":[0,0],"148":[0,0],"149":[0,0],"150":[0,0,0,0,0,0,0,0],"151":[0,0],"152":[0,0],"153":[0,0,0],"154":[0,0],"155":[0,0],"156":[0,0],"157":[0,0],"158":[0,0],"159":[0,0],"160":[0,0],"161":[0,0],"162":[0,0]},"f":{"1":0,"2":0,"3":0,"4":0,"5":0,"6":0,"7":0,"8":0,"9":0,"10":0,"11":0,"12":0,"13":0,"14":0,"15":0,"16":0,"17":0,"18":0,"19":0,"20":0,"21":0,"22":0,"23":0,"24":0,"25":0,"26":0,"27":0,"28":0,"29":0,"30":0,"31":0,"32":0,"33":0,"34":0,"35":0,"36":0,"37":0,"38":0,"39":0,"40":0,"41":0,"42":0,"43":0,"44":0,"45":0,"46":0,"47":0,"48":0,"49":0,"50":0,"51":0,"52":0,"53":0,"54":0,"55":0,"56":0,"57":0,"58":0,"59":0,"60":0,"61":0,"62":0,"63":0,"64":0,"65":0,"66":0,"67":0,"68":0,"69":0},"fnMap":{"1":{"name":"(anonymous_1)","line":32,"loc":{"start":{"line":32,"column":17},"end":{"line":32,"column":32}}},"2":{"name":"(anonymous_2)","line":92,"loc":{"start":{"line":92,"column":25},"end":{"line":92,"column":41}}},"3":{"name":"(anonymous_3)","line":98,"loc":{"start":{"line":98,"column":28},"end":{"line":98,"column":46}}},"4":{"name":"(anonymous_4)","line":109,"loc":{"start":{"line":109,"column":32},"end":{"line":109,"column":43}}},"5":{"name":"(anonymous_5)","line":113,"loc":{"start":{"line":113,"column":32},"end":{"line":113,"column":48}}},"6":{"name":"(anonymous_6)","line":117,"loc":{"start":{"line":117,"column":35},"end":{"line":117,"column":46}}},"7":{"name":"(anonymous_7)","line":121,"loc":{"start":{"line":121,"column":35},"end":{"line":121,"column":54}}},"8":{"name":"(anonymous_8)","line":125,"loc":{"start":{"line":125,"column":35},"end":{"line":125,"column":46}}},"9":{"name":"(anonymous_9)","line":129,"loc":{"start":{"line":129,"column":35},"end":{"line":129,"column":54}}},"10":{"name":"(anonymous_10)","line":133,"loc":{"start":{"line":133,"column":40},"end":{"line":133,"column":51}}},"11":{"name":"(anonymous_11)","line":137,"loc":{"start":{"line":137,"column":40},"end":{"line":137,"column":56}}},"12":{"name":"(anonymous_12)","line":145,"loc":{"start":{"line":145,"column":32},"end":{"line":145,"column":53}}},"13":{"name":"(anonymous_13)","line":183,"loc":{"start":{"line":183,"column":34},"end":{"line":183,"column":49}}},"14":{"name":"(anonymous_14)","line":247,"loc":{"start":{"line":247,"column":36},"end":{"line":247,"column":61}}},"15":{"name":"(anonymous_15)","line":290,"loc":{"start":{"line":290,"column":29},"end":{"line":290,"column":48}}},"16":{"name":"(anonymous_16)","line":296,"loc":{"start":{"line":296,"column":49},"end":{"line":296,"column":63}}},"17":{"name":"(anonymous_17)","line":308,"loc":{"start":{"line":308,"column":36},"end":{"line":308,"column":61}}},"18":{"name":"(anonymous_18)","line":347,"loc":{"start":{"line":347,"column":29},"end":{"line":347,"column":48}}},"19":{"name":"(anonymous_19)","line":353,"loc":{"start":{"line":353,"column":49},"end":{"line":353,"column":63}}},"20":{"name":"(anonymous_20)","line":365,"loc":{"start":{"line":365,"column":35},"end":{"line":365,"column":60}}},"21":{"name":"(anonymous_21)","line":382,"loc":{"start":{"line":382,"column":41},"end":{"line":382,"column":66}}},"22":{"name":"(anonymous_22)","line":393,"loc":{"start":{"line":393,"column":38},"end":{"line":393,"column":63}}},"23":{"name":"(anonymous_23)","line":402,"loc":{"start":{"line":402,"column":35},"end":{"line":402,"column":60}}},"24":{"name":"(anonymous_24)","line":413,"loc":{"start":{"line":413,"column":35},"end":{"line":413,"column":54}}},"25":{"name":"(anonymous_25)","line":420,"loc":{"start":{"line":420,"column":36},"end":{"line":420,"column":61}}},"26":{"name":"(anonymous_26)","line":427,"loc":{"start":{"line":427,"column":35},"end":{"line":427,"column":60}}},"27":{"name":"(anonymous_27)","line":435,"loc":{"start":{"line":435,"column":35},"end":{"line":435,"column":60}}},"28":{"name":"(anonymous_28)","line":444,"loc":{"start":{"line":444,"column":35},"end":{"line":444,"column":60}}},"29":{"name":"(anonymous_29)","line":453,"loc":{"start":{"line":453,"column":33},"end":{"line":453,"column":58}}},"30":{"name":"(anonymous_30)","line":466,"loc":{"start":{"line":466,"column":30},"end":{"line":466,"column":55}}},"31":{"name":"(anonymous_31)","line":479,"loc":{"start":{"line":479,"column":30},"end":{"line":479,"column":55}}},"32":{"name":"(anonymous_32)","line":493,"loc":{"start":{"line":493,"column":30},"end":{"line":493,"column":55}}},"33":{"name":"(anonymous_33)","line":504,"loc":{"start":{"line":504,"column":30},"end":{"line":504,"column":55}}},"34":{"name":"(anonymous_34)","line":513,"loc":{"start":{"line":513,"column":33},"end":{"line":513,"column":58}}},"35":{"name":"(anonymous_35)","line":529,"loc":{"start":{"line":529,"column":25},"end":{"line":529,"column":44}}},"36":{"name":"(anonymous_36)","line":547,"loc":{"start":{"line":547,"column":31},"end":{"line":547,"column":56}}},"37":{"name":"(anonymous_37)","line":562,"loc":{"start":{"line":562,"column":21},"end":{"line":562,"column":31}}},"38":{"name":"(anonymous_38)","line":569,"loc":{"start":{"line":569,"column":41},"end":{"line":569,"column":66}}},"39":{"name":"(anonymous_39)","line":578,"loc":{"start":{"line":578,"column":39},"end":{"line":578,"column":64}}},"40":{"name":"(anonymous_40)","line":587,"loc":{"start":{"line":587,"column":45},"end":{"line":587,"column":70}}},"41":{"name":"(anonymous_41)","line":596,"loc":{"start":{"line":596,"column":45},"end":{"line":596,"column":70}}},"42":{"name":"(anonymous_42)","line":609,"loc":{"start":{"line":609,"column":29},"end":{"line":609,"column":54}}},"43":{"name":"(anonymous_43)","line":621,"loc":{"start":{"line":621,"column":32},"end":{"line":621,"column":57}}},"44":{"name":"(anonymous_44)","line":633,"loc":{"start":{"line":633,"column":37},"end":{"line":633,"column":62}}},"45":{"name":"handleResults","line":650,"loc":{"start":{"line":650,"column":2},"end":{"line":650,"column":36}}},"46":{"name":"(anonymous_46)","line":655,"loc":{"start":{"line":655,"column":29},"end":{"line":655,"column":41}}},"47":{"name":"(anonymous_47)","line":683,"loc":{"start":{"line":683,"column":30},"end":{"line":683,"column":55}}},"48":{"name":"(anonymous_48)","line":696,"loc":{"start":{"line":696,"column":25},"end":{"line":696,"column":45}}},"49":{"name":"(anonymous_49)","line":704,"loc":{"start":{"line":704,"column":21},"end":{"line":704,"column":33}}},"50":{"name":"(anonymous_50)","line":715,"loc":{"start":{"line":715,"column":30},"end":{"line":715,"column":55}}},"51":{"name":"(anonymous_51)","line":728,"loc":{"start":{"line":728,"column":32},"end":{"line":728,"column":57}}},"52":{"name":"(anonymous_52)","line":746,"loc":{"start":{"line":746,"column":42},"end":{"line":746,"column":57}}},"53":{"name":"(anonymous_53)","line":758,"loc":{"start":{"line":758,"column":33},"end":{"line":758,"column":48}}},"54":{"name":"(anonymous_54)","line":774,"loc":{"start":{"line":774,"column":30},"end":{"line":774,"column":45}}},"55":{"name":"(anonymous_55)","line":782,"loc":{"start":{"line":782,"column":40},"end":{"line":782,"column":65}}},"56":{"name":"(anonymous_56)","line":800,"loc":{"start":{"line":800,"column":62},"end":{"line":800,"column":81}}},"57":{"name":"(anonymous_57)","line":809,"loc":{"start":{"line":809,"column":62},"end":{"line":809,"column":81}}},"58":{"name":"(anonymous_58)","line":825,"loc":{"start":{"line":825,"column":39},"end":{"line":825,"column":64}}},"59":{"name":"(anonymous_59)","line":841,"loc":{"start":{"line":841,"column":16},"end":{"line":841,"column":40}}},"60":{"name":"(anonymous_60)","line":875,"loc":{"start":{"line":875,"column":35},"end":{"line":875,"column":60}}},"61":{"name":"(anonymous_61)","line":973,"loc":{"start":{"line":973,"column":17},"end":{"line":973,"column":42}}},"62":{"name":"processResponse","line":988,"loc":{"start":{"line":988,"column":4},"end":{"line":988,"column":31}}},"63":{"name":"(anonymous_63)","line":1045,"loc":{"start":{"line":1045,"column":63},"end":{"line":1045,"column":84}}},"64":{"name":"(anonymous_64)","line":1063,"loc":{"start":{"line":1063,"column":24},"end":{"line":1063,"column":52}}},"65":{"name":"Plugin","line":1081,"loc":{"start":{"line":1081,"column":0},"end":{"line":1081,"column":22}}},"66":{"name":"(anonymous_66)","line":1087,"loc":{"start":{"line":1087,"column":22},"end":{"line":1087,"column":43}}},"67":{"name":"(anonymous_67)","line":1105,"loc":{"start":{"line":1105,"column":24},"end":{"line":1105,"column":39}}},"68":{"name":"(anonymous_68)","line":1123,"loc":{"start":{"line":1123,"column":34},"end":{"line":1123,"column":49}}},"69":{"name":"(anonymous_69)","line":1127,"loc":{"start":{"line":1127,"column":31},"end":{"line":1127,"column":54}}}},"statementMap":{"1":{"start":{"line":1,"column":0},"end":{"line":1,"column":35}},"2":{"start":{"line":2,"column":0},"end":{"line":2,"column":42}},"3":{"start":{"line":3,"column":0},"end":{"line":3,"column":39}},"4":{"start":{"line":4,"column":0},"end":{"line":4,"column":31}},"5":{"start":{"line":5,"column":0},"end":{"line":5,"column":40}},"6":{"start":{"line":6,"column":0},"end":{"line":6,"column":43}},"7":{"start":{"line":7,"column":0},"end":{"line":7,"column":38}},"8":{"start":{"line":8,"column":0},"end":{"line":8,"column":40}},"9":{"start":{"line":9,"column":0},"end":{"line":9,"column":43}},"10":{"start":{"line":10,"column":0},"end":{"line":10,"column":32}},"11":{"start":{"line":11,"column":0},"end":{"line":11,"column":32}},"12":{"start":{"line":12,"column":0},"end":{"line":12,"column":32}},"13":{"start":{"line":13,"column":0},"end":{"line":13,"column":34}},"14":{"start":{"line":19,"column":0},"end":{"line":19,"column":82}},"15":{"start":{"line":20,"column":0},"end":{"line":20,"column":81}},"16":{"start":{"line":21,"column":0},"end":{"line":21,"column":78}},"17":{"start":{"line":22,"column":0},"end":{"line":22,"column":77}},"18":{"start":{"line":23,"column":0},"end":{"line":23,"column":51}},"19":{"start":{"line":24,"column":0},"end":{"line":24,"column":45}},"20":{"start":{"line":26,"column":0},"end":{"line":26,"column":17}},"21":{"start":{"line":32,"column":0},"end":{"line":103,"column":2}},"22":{"start":{"line":33,"column":2},"end":{"line":33,"column":18}},"23":{"start":{"line":35,"column":2},"end":{"line":54,"column":5}},"24":{"start":{"line":57,"column":2},"end":{"line":57,"column":96}},"25":{"start":{"line":58,"column":2},"end":{"line":58,"column":52}},"26":{"start":{"line":59,"column":2},"end":{"line":59,"column":38}},"27":{"start":{"line":61,"column":2},"end":{"line":61,"column":30}},"28":{"start":{"line":64,"column":2},"end":{"line":64,"column":80}},"29":{"start":{"line":64,"column":33},"end":{"line":64,"column":80}},"30":{"start":{"line":65,"column":2},"end":{"line":65,"column":86}},"31":{"start":{"line":65,"column":36},"end":{"line":65,"column":86}},"32":{"start":{"line":66,"column":2},"end":{"line":66,"column":88}},"33":{"start":{"line":66,"column":37},"end":{"line":66,"column":88}},"34":{"start":{"line":67,"column":2},"end":{"line":67,"column":96}},"35":{"start":{"line":67,"column":41},"end":{"line":67,"column":96}},"36":{"start":{"line":68,"column":2},"end":{"line":68,"column":80}},"37":{"start":{"line":68,"column":33},"end":{"line":68,"column":80}},"38":{"start":{"line":69,"column":2},"end":{"line":69,"column":88}},"39":{"start":{"line":69,"column":37},"end":{"line":69,"column":88}},"40":{"start":{"line":70,"column":2},"end":{"line":70,"column":72}},"41":{"start":{"line":70,"column":30},"end":{"line":70,"column":72}},"42":{"start":{"line":71,"column":2},"end":{"line":73,"column":3}},"43":{"start":{"line":72,"column":4},"end":{"line":72,"column":88}},"44":{"start":{"line":74,"column":2},"end":{"line":76,"column":3}},"45":{"start":{"line":75,"column":4},"end":{"line":75,"column":82}},"46":{"start":{"line":77,"column":2},"end":{"line":77,"column":102}},"47":{"start":{"line":77,"column":54},"end":{"line":77,"column":102}},"48":{"start":{"line":78,"column":2},"end":{"line":78,"column":92}},"49":{"start":{"line":78,"column":48},"end":{"line":78,"column":92}},"50":{"start":{"line":81,"column":2},"end":{"line":85,"column":3}},"51":{"start":{"line":82,"column":4},"end":{"line":82,"column":65}},"52":{"start":{"line":84,"column":4},"end":{"line":84,"column":49}},"53":{"start":{"line":88,"column":2},"end":{"line":88,"column":44}},"54":{"start":{"line":91,"column":2},"end":{"line":102,"column":3}},"55":{"start":{"line":92,"column":4},"end":{"line":101,"column":7}},"56":{"start":{"line":93,"column":6},"end":{"line":93,"column":76}},"57":{"start":{"line":93,"column":26},"end":{"line":93,"column":76}},"58":{"start":{"line":95,"column":6},"end":{"line":95,"column":49}},"59":{"start":{"line":98,"column":6},"end":{"line":100,"column":9}},"60":{"start":{"line":99,"column":8},"end":{"line":99,"column":58}},"61":{"start":{"line":109,"column":0},"end":{"line":111,"column":2}},"62":{"start":{"line":110,"column":2},"end":{"line":110,"column":20}},"63":{"start":{"line":113,"column":0},"end":{"line":115,"column":2}},"64":{"start":{"line":114,"column":2},"end":{"line":114,"column":21}},"65":{"start":{"line":117,"column":0},"end":{"line":119,"column":2}},"66":{"start":{"line":118,"column":2},"end":{"line":118,"column":23}},"67":{"start":{"line":121,"column":0},"end":{"line":123,"column":2}},"68":{"start":{"line":122,"column":2},"end":{"line":122,"column":27}},"69":{"start":{"line":125,"column":0},"end":{"line":127,"column":2}},"70":{"start":{"line":126,"column":2},"end":{"line":126,"column":23}},"71":{"start":{"line":129,"column":0},"end":{"line":131,"column":2}},"72":{"start":{"line":130,"column":2},"end":{"line":130,"column":27}},"73":{"start":{"line":133,"column":0},"end":{"line":135,"column":2}},"74":{"start":{"line":134,"column":2},"end":{"line":134,"column":28}},"75":{"start":{"line":137,"column":0},"end":{"line":139,"column":2}},"76":{"start":{"line":138,"column":2},"end":{"line":138,"column":29}},"77":{"start":{"line":145,"column":0},"end":{"line":177,"column":2}},"78":{"start":{"line":146,"column":2},"end":{"line":146,"column":19}},"79":{"start":{"line":148,"column":2},"end":{"line":148,"column":20}},"80":{"start":{"line":150,"column":2},"end":{"line":156,"column":3}},"81":{"start":{"line":151,"column":4},"end":{"line":151,"column":11}},"82":{"start":{"line":152,"column":4},"end":{"line":152,"column":14}},"83":{"start":{"line":154,"column":4},"end":{"line":154,"column":11}},"84":{"start":{"line":155,"column":4},"end":{"line":155,"column":11}},"85":{"start":{"line":158,"column":2},"end":{"line":165,"column":3}},"86":{"start":{"line":159,"column":4},"end":{"line":159,"column":14}},"87":{"start":{"line":160,"column":4},"end":{"line":160,"column":31}},"88":{"start":{"line":161,"column":9},"end":{"line":165,"column":3}},"89":{"start":{"line":162,"column":4},"end":{"line":162,"column":14}},"90":{"start":{"line":164,"column":4},"end":{"line":164,"column":14}},"91":{"start":{"line":167,"column":2},"end":{"line":167,"column":21}},"92":{"start":{"line":169,"column":2},"end":{"line":171,"column":3}},"93":{"start":{"line":170,"column":4},"end":{"line":170,"column":28}},"94":{"start":{"line":173,"column":2},"end":{"line":175,"column":3}},"95":{"start":{"line":174,"column":4},"end":{"line":174,"column":43}},"96":{"start":{"line":176,"column":2},"end":{"line":176,"column":14}},"97":{"start":{"line":183,"column":0},"end":{"line":245,"column":2}},"98":{"start":{"line":184,"column":2},"end":{"line":184,"column":22}},"99":{"start":{"line":184,"column":12},"end":{"line":184,"column":22}},"100":{"start":{"line":186,"column":2},"end":{"line":186,"column":18}},"101":{"start":{"line":188,"column":2},"end":{"line":192,"column":4}},"102":{"start":{"line":194,"column":2},"end":{"line":196,"column":3}},"103":{"start":{"line":195,"column":4},"end":{"line":195,"column":49}},"104":{"start":{"line":198,"column":2},"end":{"line":200,"column":3}},"105":{"start":{"line":199,"column":4},"end":{"line":199,"column":39}},"106":{"start":{"line":202,"column":2},"end":{"line":208,"column":3}},"107":{"start":{"line":203,"column":4},"end":{"line":207,"column":5}},"108":{"start":{"line":204,"column":6},"end":{"line":204,"column":43}},"109":{"start":{"line":206,"column":6},"end":{"line":206,"column":33}},"110":{"start":{"line":210,"column":2},"end":{"line":212,"column":3}},"111":{"start":{"line":211,"column":4},"end":{"line":211,"column":31}},"112":{"start":{"line":214,"column":2},"end":{"line":216,"column":3}},"113":{"start":{"line":215,"column":4},"end":{"line":215,"column":31}},"114":{"start":{"line":218,"column":2},"end":{"line":224,"column":3}},"115":{"start":{"line":219,"column":4},"end":{"line":223,"column":5}},"116":{"start":{"line":220,"column":6},"end":{"line":220,"column":45}},"117":{"start":{"line":222,"column":6},"end":{"line":222,"column":35}},"118":{"start":{"line":226,"column":2},"end":{"line":228,"column":3}},"119":{"start":{"line":227,"column":4},"end":{"line":227,"column":40}},"120":{"start":{"line":230,"column":2},"end":{"line":232,"column":3}},"121":{"start":{"line":231,"column":4},"end":{"line":231,"column":46}},"122":{"start":{"line":234,"column":2},"end":{"line":234,"column":15}},"123":{"start":{"line":236,"column":2},"end":{"line":242,"column":3}},"124":{"start":{"line":237,"column":4},"end":{"line":237,"column":33}},"125":{"start":{"line":238,"column":9},"end":{"line":242,"column":3}},"126":{"start":{"line":239,"column":4},"end":{"line":239,"column":37}},"127":{"start":{"line":241,"column":4},"end":{"line":241,"column":33}},"128":{"start":{"line":244,"column":2},"end":{"line":244,"column":48}},"129":{"start":{"line":247,"column":0},"end":{"line":306,"column":2}},"130":{"start":{"line":248,"column":2},"end":{"line":248,"column":18}},"131":{"start":{"line":249,"column":2},"end":{"line":252,"column":5}},"132":{"start":{"line":253,"column":2},"end":{"line":253,"column":56}},"133":{"start":{"line":255,"column":2},"end":{"line":255,"column":81}},"134":{"start":{"line":256,"column":2},"end":{"line":256,"column":23}},"135":{"start":{"line":257,"column":2},"end":{"line":259,"column":4}},"136":{"start":{"line":261,"column":2},"end":{"line":264,"column":4}},"137":{"start":{"line":266,"column":2},"end":{"line":286,"column":3}},"138":{"start":{"line":267,"column":4},"end":{"line":267,"column":44}},"139":{"start":{"line":268,"column":4},"end":{"line":268,"column":27}},"140":{"start":{"line":269,"column":4},"end":{"line":269,"column":42}},"141":{"start":{"line":270,"column":9},"end":{"line":286,"column":3}},"142":{"start":{"line":271,"column":4},"end":{"line":271,"column":35}},"143":{"start":{"line":272,"column":4},"end":{"line":272,"column":78}},"144":{"start":{"line":273,"column":4},"end":{"line":273,"column":37}},"145":{"start":{"line":274,"column":9},"end":{"line":286,"column":3}},"146":{"start":{"line":275,"column":4},"end":{"line":275,"column":34}},"147":{"start":{"line":276,"column":4},"end":{"line":276,"column":57}},"148":{"start":{"line":277,"column":4},"end":{"line":277,"column":57}},"149":{"start":{"line":278,"column":4},"end":{"line":280,"column":5}},"150":{"start":{"line":279,"column":6},"end":{"line":279,"column":70}},"151":{"start":{"line":281,"column":4},"end":{"line":285,"column":5}},"152":{"start":{"line":282,"column":6},"end":{"line":282,"column":39}},"153":{"start":{"line":283,"column":6},"end":{"line":283,"column":39}},"154":{"start":{"line":284,"column":6},"end":{"line":284,"column":49}},"155":{"start":{"line":288,"column":2},"end":{"line":288,"column":34}},"156":{"start":{"line":290,"column":2},"end":{"line":303,"column":5}},"157":{"start":{"line":291,"column":4},"end":{"line":291,"column":40}},"158":{"start":{"line":291,"column":12},"end":{"line":291,"column":40}},"159":{"start":{"line":292,"column":4},"end":{"line":292,"column":34}},"160":{"start":{"line":293,"column":4},"end":{"line":293,"column":30}},"161":{"start":{"line":294,"column":4},"end":{"line":294,"column":61}},"162":{"start":{"line":294,"column":23},"end":{"line":294,"column":61}},"163":{"start":{"line":295,"column":4},"end":{"line":302,"column":5}},"164":{"start":{"line":296,"column":6},"end":{"line":299,"column":9}},"165":{"start":{"line":297,"column":8},"end":{"line":298,"column":49}},"166":{"start":{"line":297,"column":17},"end":{"line":297,"column":46}},"167":{"start":{"line":298,"column":13},"end":{"line":298,"column":49}},"168":{"start":{"line":301,"column":6},"end":{"line":301,"column":35}},"169":{"start":{"line":305,"column":2},"end":{"line":305,"column":26}},"170":{"start":{"line":308,"column":0},"end":{"line":363,"column":2}},"171":{"start":{"line":309,"column":2},"end":{"line":309,"column":18}},"172":{"start":{"line":311,"column":2},"end":{"line":315,"column":5}},"173":{"start":{"line":317,"column":2},"end":{"line":317,"column":56}},"174":{"start":{"line":319,"column":2},"end":{"line":319,"column":81}},"175":{"start":{"line":320,"column":2},"end":{"line":320,"column":23}},"176":{"start":{"line":322,"column":2},"end":{"line":325,"column":4}},"177":{"start":{"line":328,"column":2},"end":{"line":335,"column":3}},"178":{"start":{"line":329,"column":4},"end":{"line":329,"column":41}},"179":{"start":{"line":330,"column":4},"end":{"line":330,"column":84}},"180":{"start":{"line":331,"column":4},"end":{"line":331,"column":67}},"181":{"start":{"line":333,"column":4},"end":{"line":333,"column":45}},"182":{"start":{"line":334,"column":4},"end":{"line":334,"column":57}},"183":{"start":{"line":338,"column":2},"end":{"line":340,"column":3}},"184":{"start":{"line":339,"column":4},"end":{"line":339,"column":50}},"185":{"start":{"line":342,"column":2},"end":{"line":342,"column":40}},"186":{"start":{"line":343,"column":2},"end":{"line":345,"column":4}},"187":{"start":{"line":347,"column":2},"end":{"line":360,"column":5}},"188":{"start":{"line":348,"column":4},"end":{"line":348,"column":40}},"189":{"start":{"line":348,"column":12},"end":{"line":348,"column":40}},"190":{"start":{"line":349,"column":4},"end":{"line":349,"column":34}},"191":{"start":{"line":350,"column":4},"end":{"line":350,"column":30}},"192":{"start":{"line":351,"column":4},"end":{"line":351,"column":61}},"193":{"start":{"line":351,"column":23},"end":{"line":351,"column":61}},"194":{"start":{"line":352,"column":4},"end":{"line":359,"column":5}},"195":{"start":{"line":353,"column":6},"end":{"line":356,"column":9}},"196":{"start":{"line":354,"column":8},"end":{"line":355,"column":49}},"197":{"start":{"line":354,"column":17},"end":{"line":354,"column":46}},"198":{"start":{"line":355,"column":13},"end":{"line":355,"column":49}},"199":{"start":{"line":358,"column":6},"end":{"line":358,"column":35}},"200":{"start":{"line":362,"column":2},"end":{"line":362,"column":26}},"201":{"start":{"line":365,"column":0},"end":{"line":380,"column":2}},"202":{"start":{"line":366,"column":2},"end":{"line":368,"column":5}},"203":{"start":{"line":370,"column":2},"end":{"line":374,"column":3}},"204":{"start":{"line":371,"column":4},"end":{"line":371,"column":68}},"205":{"start":{"line":373,"column":4},"end":{"line":373,"column":69}},"206":{"start":{"line":375,"column":2},"end":{"line":375,"column":37}},"207":{"start":{"line":376,"column":2},"end":{"line":378,"column":3}},"208":{"start":{"line":377,"column":4},"end":{"line":377,"column":50}},"209":{"start":{"line":379,"column":2},"end":{"line":379,"column":51}},"210":{"start":{"line":382,"column":0},"end":{"line":391,"column":2}},"211":{"start":{"line":383,"column":2},"end":{"line":385,"column":5}},"212":{"start":{"line":387,"column":2},"end":{"line":387,"column":59}},"213":{"start":{"line":388,"column":2},"end":{"line":388,"column":55}},"214":{"start":{"line":389,"column":2},"end":{"line":389,"column":22}},"215":{"start":{"line":390,"column":2},"end":{"line":390,"column":47}},"216":{"start":{"line":393,"column":0},"end":{"line":400,"column":2}},"217":{"start":{"line":394,"column":2},"end":{"line":394,"column":43}},"218":{"start":{"line":395,"column":2},"end":{"line":395,"column":59}},"219":{"start":{"line":396,"column":2},"end":{"line":396,"column":55}},"220":{"start":{"line":397,"column":2},"end":{"line":397,"column":23}},"221":{"start":{"line":398,"column":2},"end":{"line":398,"column":64}},"222":{"start":{"line":399,"column":2},"end":{"line":399,"column":47}},"223":{"start":{"line":402,"column":0},"end":{"line":407,"column":2}},"224":{"start":{"line":403,"column":2},"end":{"line":403,"column":43}},"225":{"start":{"line":404,"column":2},"end":{"line":404,"column":27}},"226":{"start":{"line":405,"column":2},"end":{"line":405,"column":22}},"227":{"start":{"line":406,"column":2},"end":{"line":406,"column":47}},"228":{"start":{"line":413,"column":0},"end":{"line":418,"column":2}},"229":{"start":{"line":414,
[...]
:{"name":"(anonymous_5)","line":33,"loc":{"start":{"line":33,"column":32},"end":{"line":33,"column":43}}},"6":{"name":"Client","line":39,"loc":{"start":{"line":39,"column":0},"end":{"line":39,"column":22}}},"7":{"name":"(anonymous_7)","line":52,"loc":{"start":{"line":52,"column":38},"end":{"line":52,"column":49}}},"8":{"name":"(anonymous_8)","line":56,"loc":{"start":{"line":56,"column":40},"end":{"line":56,"column":51}}},"9":{"name":"(anonymous_9)","line":63,"loc":{"start":{"line":63,"column":29},"end":{"line":63,"column":44}}},"10":{"name":"(anonymous_10)","line":68,"loc":{"start":{"line":68,"column":30},"end":{"line":68,"column":45}}}},"statementMap":{"1":{"start":{"line":1,"column":0},"end":{"line":1,"column":29}},"2":{"start":{"line":2,"column":0},"end":{"line":2,"column":31}},"3":{"start":{"line":3,"column":0},"end":{"line":3,"column":29}},"4":{"start":{"line":5,"column":0},"end":{"line":29,"column":1}},"5":{"start":{"line":6,"column":2},"end":{"line":6,"column":18}},"6":{"start":{"line":7,"column":2},"end":{"line":7,"column":23}},"7":{"start":{"line":8,"column":2},"end":{"line":8,"column":20}},"8":{"start":{"line":10,"column":2},"end":{"line":10,"column":33}},"9":{"start":{"line":12,"column":2},"end":{"line":16,"column":3}},"10":{"start":{"line":13,"column":4},"end":{"line":13,"column":47}},"11":{"start":{"line":15,"column":4},"end":{"line":15,"column":41}},"12":{"start":{"line":18,"column":2},"end":{"line":20,"column":5}},"13":{"start":{"line":19,"column":4},"end":{"line":19,"column":25}},"14":{"start":{"line":22,"column":2},"end":{"line":24,"column":5}},"15":{"start":{"line":23,"column":4},"end":{"line":23,"column":25}},"16":{"start":{"line":26,"column":2},"end":{"line":28,"column":5}},"17":{"start":{"line":27,"column":4},"end":{"line":27,"column":28}},"18":{"start":{"line":31,"column":0},"end":{"line":31,"column":49}},"19":{"start":{"line":33,"column":0},"end":{"line":35,"column":2}},"20":{"start":{"line":34,"column":2},"end":{"line":34,"column":35}},"21":{"start":{"line":34,"column":16},"end":{"line":34,"column":35}},"22":{"start":{"line":39,"column":0},"end":{"line":59,"column":1}},"23":{"start":{"line":40,"column":2},"end":{"line":40,"column":18}},"24":{"start":{"line":41,"column":2},"end":{"line":41,"column":20}},"25":{"start":{"line":43,"column":2},"end":{"line":43,"column":33}},"26":{"start":{"line":45,"column":2},"end":{"line":45,"column":87}},"27":{"start":{"line":46,"column":2},"end":{"line":49,"column":5}},"28":{"start":{"line":50,"column":2},"end":{"line":50,"column":83}},"29":{"start":{"line":52,"column":2},"end":{"line":54,"column":5}},"30":{"start":{"line":53,"column":4},"end":{"line":53,"column":25}},"31":{"start":{"line":56,"column":2},"end":{"line":58,"column":5}},"32":{"start":{"line":57,"column":4},"end":{"line":57,"column":28}},"33":{"start":{"line":61,"column":0},"end":{"line":61,"column":43}},"34":{"start":{"line":63,"column":0},"end":{"line":66,"column":2}},"35":{"start":{"line":64,"column":2},"end":{"line":64,"column":20}},"36":{"start":{"line":65,"column":2},"end":{"line":65,"column":38}},"37":{"start":{"line":68,"column":0},"end":{"line":70,"column":2}},"38":{"start":{"line":69,"column":2},"end":{"line":69,"column":32}},"39":{"start":{"line":72,"column":0},"end":{"line":72,"column":43}},"40":{"start":{"line":73,"column":0},"end":{"line":73,"column":37}}},"branchMap":{"1":{"line":8,"type":"binary-expr","locations":[{"start":{"line":8,"column":9},"end":{"line":8,"column":13}},{"start":{"line":8,"column":17},"end":{"line":8,"column":19}}]},"2":{"line":12,"type":"if","locations":[{"start":{"line":12,"column":2},"end":{"line":12,"column":2}},{"start":{"line":12,"column":2},"end":{"line":12,"column":2}}]},"3":{"line":34,"type":"if","locations":[{"start":{"line":34,"column":2},"end":{"line":34,"column":2}},{"start":{"line":34,"column":2},"end":{"line":34,"column":2}}]},"4":{"line":41,"type":"binary-expr","locations":[{"start":{"line":41,"column":9},"end":{"line":41,"column":13}},{"start":{"line":41,"column":17},"end":{"line":41,"column":19}}]},"5":{"line":64,"type":"binary-expr","locations":[{"start":{"line":64,"column":9},"end":{"line":64,"column":13}},{"start":{"line":64,"column":17},"end":{"line":64,"column":19}}]}},"code":["var util   = require('util');","var events = require('events');","var faye   = require('faye');","","function Subscription(opts, client) {","  var self = this;","  this.client = client;","  opts = opts || {};","","  events.EventEmitter.call(this);","","  if(opts.isSystem) {","    this._topic = '/systemTopic/' + opts.topic;","  } else {","    this._topic = '/topic/' + opts.topic;","  }","","  this._sub = client._fayeClient.subscribe(this._topic, function(d) {","    self.emit('data', d);","  });","","  this._sub.callback(function(){","    self.emit('connect');","  });","","  this._sub.errback(function(err) {","    self.emit('error', err);","  });","}","","util.inherits(Subscription, events.EventEmitter);","","Subscription.prototype.cancel = function() {","  if(this._sub) this._sub.cancel();","};","","// Client definition","","function Client(opts) {","  var self = this;","  opts = opts || {};","","  events.EventEmitter.call(this);","","  this._endpoint = opts.oauth.instance_url + '/cometd/' + opts.apiVersion.substring(1);","  this._fayeClient = new faye.Client(this._endpoint, {","    timeout: opts.timeout,","    retry: opts.retry","  });","  this._fayeClient.setHeader('Authorization', 'Bearer ' + opts.oauth.access_token);","","  this._fayeClient.on('transport:up', function() {","    self.emit('connect');","  });","","  this._fayeClient.on('transport:down', function() {","    self.emit('disconnect');","  });","}","","util.inherits(Client, events.EventEmitter);","","Client.prototype.subscribe = function(opts) {","  opts = opts || {};","  return new Subscription(opts, this);","};","","Client.prototype.disconnect = function(opts) {","  this._fayeClient.disconnect();","};","","module.exports.Subscription = Subscription;","module.exports.Client       = Client;",""],"l":{"1":1,"2":1,"3":1,"5":1,"6":0,"7":0,"8":0,"10":0,"12":0,"13":0,"15":0,"18":0,"19":0,"22":0,"23":0,"26":0,"27":0,"31":1,"33":1,"34":0,"39":1,"40":0,"41":0,"43":0,"45":0,"46":0,"50":0,"52":0,"53":0,"56":0,"57":0,"61":1,"63":1,"64":0,"65":0,"68":1,"69":0,"72":1,"73":1}},"/home/travis/build/npmtest/node-npmtest-nforce/node_modules/nforce/lib/util.js":{"path":"/home/travis/build/npmtest/node-npmtest-nforce/node_modules/nforce/lib/util.js","s":{"1":1,"2":1,"3":1,"4":1,"5":0,"6":1,"7":0,"8":1,"9":0,"10":0,"11":0,"12":0,"13":0,"14":0,"15":0,"16":0,"17":1,"18":0,"19":0,"20":0,"21":1,"22":1,"23":1},"b":{"1":[0,0,0],"2":[0,0,0],"3":[0,0],"4":[0,0],"5":[0,0],"6":[0,0],"7":[0,0],"8":[0,0],"9":[0,0,0]},"f":{"1":0,"2":0,"3":0,"4":0},"fnMap":{"1":{"name":"(anonymous_1)","line":6,"loc":{"start":{"line":6,"column":22},"end":{"line":6,"column":36}}},"2":{"name":"(anonymous_2)","line":12,"loc":{"start":{"line":12,"column":25},"end":{"line":12,"column":39}}},"3":{"name":"(anonymous_3)","line":18,"loc":{"start":{"line":18,"column":14},"end":{"line":18,"column":29}}},"4":{"name":"(anonymous_4)","line":30,"loc":{"start":{"line":30,"column":21},"end":{"line":30,"column":37}}}},"statementMap":{"1":{"start":{"line":1,"column":0},"end":{"line":1,"column":33}},"2":{"start":{"line":2,"column":0},"end":{"line":2,"column":37}},"3":{"start":{"line":4,"column":0},"end":{"line":4,"column":14}},"4":{"start":{"line":6,"column":0},"end":{"line":10,"column":2}},"5":{"start":{"line":7,"column":2},"end":{"line":9,"column":83}},"6":{"start":{"line":12,"column":0},"end":{"line":16,"column":2}},"7":{"start":{"line":13,"column":2},"end":{"line":15,"column":65}},"8":{"start":{"line":18,"column":0},"end":{"line":28,"column":2}},"9":{"start":{"line":19,"column":2},"end":{"line":23,"column":3}},"10":{"start":{"line":20,"column":4},"end":{"line":20,"column":24}},"11":{"start":{"line":21,"column":9},"end":{"line":23,"column":3}},"12":{"start":{"line":22,"column":4},"end":{"line":22,"column":19}},"13":{"start":{"line":23,"column":4},"end":{"line":27,"column":3}},"14":{"start":{"line":24,"column":4},"end":{"line":24,"column":19}},"15":{"start":{"line":25,"column":9},"end":{"line":27,"column":3}},"16":{"start":{"line":26,"column":4},"end":{"line":26,"column":19}},"17":{"start":{"line":30,"column":0},"end":{"line":36,"column":2}},"18":{"start":{"line":31,"column":2},"end":{"line":35,"column":3}},"19":{"start":{"line":32,"column":4},"end":{"line":32,"column":17}},"20":{"start":{"line":34,"column":4},"end":{"line":34,"column":16}},"21":{"start":{"line":38,"column":0},"end":{"line":38,"column":11}},"22":{"start":{"line":40,"column":0},"end":{"line":40,"column":25}},"23":{"start":{"line":42,"column":0},"end":{"line":42,"column":22}}},"branchMap":{"1":{"line":7,"type":"binary-expr","locations":[{"start":{"line":7,"column":9},"end":{"line":7,"column":20}},{"start":{"line":8,"column":4},"end":{"line":8,"column":31}},{"start":{"line":9,"column":4},"end":{"line":9,"column":82}}]},"2":{"line":13,"type":"binary-expr","locations":[{"start":{"line":13,"column":9},"end":{"line":13,"column":20}},{"start":{"line":14,"column":4},"end":{"line":14,"column":36}},{"start":{"line":15,"column":4},"end":{"line":15,"column":64}}]},"3":{"line":19,"type":"if","locations":[{"start":{"line":19,"column":2},"end":{"line":19,"column":2}},{"start":{"line":19,"column":2},"end":{"line":19,"column":2}}]},"4":{"line":19,"type":"binary-expr","locations":[{"start":{"line":19,"column":5},"end":{"line":19,"column":15}},{"start":{"line":19,"column":19},"end":{"line":19,"column":43}}]},"5":{"line":21,"type":"if","locations":[{"start":{"line":21,"column":9},"end":{"line":21,"column":9}},{"start":{"line":21,"column":9},"end":{"line":21,"column":9}}]},"6":{"line":23,"type":"if","locations":[{"start":{"line":23,"column":4},"end":{"line":23,"column":4}},{"start":{"line":23,"column":4},"end":{"line":23,"column":4}}]},"7":{"line":25,"type":"if","locations":[{"start":{"line":25,"column":9},"end":{"line":25,"column":9}},{"start":{"line":25,"column":9},"end":{"line":25,"column":9}}]},"8":{"line":31,"type":"if","locations":[{"start":{"line":31,"column":2},"end":{"line":31,"column":2}},{"start":{"line":31,"column":2},"end":{"line":31,"column":2}}]},"9":{"line":31,"type":"binary-expr","locations":[{"start":{"line":31,"column":5},"end":{"line":31,"column":11}},{"start":{"line":31,"column":15},"end":{"line":31,"column":34}},{"start":{"line":31,"column":38},"end":{"line":31,"column":57}}]}},"code":["var _        = require('lodash');","var promises = require('./promises');","","var util = {};","","util.isJsonResponse = function(res) {","  return res.headers &&","    res.headers['content-type'] &&","    res.headers['content-type'].split(';')[0].toLowerCase() === 'application/json';","};","","util.isChunkedEncoding = function(res) {","  return res.headers &&","    res.headers['transfer-encoding'] &&","    res.headers['transfer-encoding'].toLowerCase() === 'chunked';","};","","util.findId = function(data) {","  if(data.getId && _.isFunction(data.getId)) {","    return data.getId();","  } else if(data.Id) {","    return data.Id;","  } if(data.id) {","    return data.id;","  } else if(data.ID) {","    return data.ID;","  }","};","","util.validateOAuth = function(oauth) {","  if(!oauth || !oauth.instance_url || !oauth.access_token) {","    return false;","  } else {","    return true;","  }","};","","util._ = _;","","util.promises = promises;","","module.exports = util;",""],"l":{"1":1,"2":1,"4":1,"6":1,"7":0,"12":1,"13":0,"18":1,"19":0,"20":0,"21":0,"22":0,"23":0,"24":0,"25":0,"26":0,"30":1,"31":0,"32":0,"34":0,"38":1,"40":1,"42":1}},"/home/travis/build/npmtest/node-npmtest-nforce/node_modules/nforce/lib/errors.js":{"path":"/home/travis/build/npmtest/node-npmtest-nforce/node_modules/nforce/lib/errors.js","s":{"1":1,"2":0,"3":0,"4":0},"b":{},"f":{"1":0,"2":0,"3":0},"fnMap":{"1":{"name":"(anonymous_1)","line":3,"loc":{"start":{"line":3,"column":19},"end":{"line":3,"column":30}}},"2":{"name":"(anonymous_2)","line":7,"loc":{"start":{"line":7,"column":15},"end":{"line":7,"column":26}}},"3":{"name":"(anonymous_3)","line":11,"loc":{"start":{"line":11,"column":17},"end":{"line":11,"column":28}}}},"statementMap":{"1":{"start":{"line":1,"column":0},"end":{"line":15,"column":2}},"2":{"start":{"line":4,"column":4},"end":{"line":4,"column":58}},"3":{"start":{"line":8,"column":4},"end":{"line":8,"column":62}},"4":{"start":{"line":12,"column":4},"end":{"line":12,"column":50}}},"branchMap":{},"code":["module.exports = {","","  nonJsonResponse: function() {","    return new Error('Non-JSON response from Salesforce');","  },","","  invalidJson: function() {","    return new Error('Invalid JSON response from Salesforce');","  },","","  emptyResponse: function() {","    return new Error('Unexpected empty response');","  }","","};",""],"l":{"1":1,"4":0,"8":0,"12":0}},"/home/travis/build/npmtest/node-npmtest-nforce/node_modules/nforce/lib/multipart.js":{"path":"/home/travis/build/npmtest/node-npmtest-nforce/node_modules/nforce/lib/multipart.js","s":{"1":1,"2":1,"3":0,"4":0,"5":0,"6":0,"7":0,"8":0,"9":0,"10":0,"11":0},"b":{"1":[0,0],"2":[0,0],"3":[0,0]},"f":{"1":0},"fnMap":{"1":{"name":"(anonymous_1)","line":3,"loc":{"start":{"line":3,"column":17},"end":{"line":3,"column":33}}}},"statementMap":{"1":{"start":{"line":1,"column":0},"end":{"line":1,"column":27}},"2":{"start":{"line":3,"column":0},"end":{"line":24,"column":2}},"3":{"start":{"line":4,"column":2},"end":{"line":4,"column":41}},"4":{"start":{"line":5,"column":2},"end":{"line":5,"column":65}},"5":{"start":{"line":6,"column":2},"end":{"line":6,"column":71}},"6":{"start":{"line":7,"column":2},"end":{"line":7,"column":45}},"7":{"start":{"line":8,"column":2},"end":{"line":8,"column":59}},"8":{"start":{"line":9,"column":2},"end":{"line":9,"column":21}},"9":{"start":{"line":11,"column":2},"end":{"line":15,"column":5}},"10":{"start":{"line":17,"column":2},"end":{"line":21,"column":5}},"11":{"start":{"line":23,"column":2},"end":{"line":23,"column":19}}},"branchMap":{"1":{"line":5,"type":"cond-expr","locations":[{"start":{"line":5,"column":48},"end":{"line":5,"column":57}},{"start":{"line":5,"column":60},"end":{"line":5,"column":64}}]},"2":{"line":6,"type":"cond-expr","locations":[{"start":{"line":6,"column":48},"end":{"line":6,"column":61}},{"start":{"line":6,"column":64},"end":{"line":6,"column":70}}]},"3":{"line":8,"type":"cond-expr","locations":[{"start":{"line":8,"column":46},"end":{"line":8,"column":50}},{"start":{"line":8,"column":53},"end":{"line":8,"column":58}}]}},"code":["var mime = require('mime');","","module.exports = function (opts) {","  var type      = opts.sobject.getType();","  var entity    = (type === 'contentversion') ? 'content' : type;","  var name      = (type === 'contentversion') ? 'VersionData' : 'Body';","  var fileName  = opts.sobject.getFileName();","  var isPatch   = (opts.method === 'PATCH') ? true : false;","  var multipart = [];","","  multipart.push({","    'content-type': 'application/json',","    'content-disposition': 'form-data; name=\"entity_' + entity + '\"',","    body: JSON.stringify(opts.sobject._getPayload(isPatch))","  });","","  multipart.push({","    'content-type': mime.lookup(fileName),","    'content-disposition': 'form-data; name=\"' + name + '\"; filename=\"' + fileName + '\"',","    body: opts.sobject.getBody()","  });","","  return multipart;","};",""],"l":{"1":1,"3":1,"4":0,"5":0,"6":0,"7":0,"8":0,"9":0,"11":0,"17":0,"23":0}},"/home/travis/build/npmtest/node-npmtest-nforce/node_modules/nforce/Gulpfile.js":{"path":"/home/travis/build/npmtest/node-npmtest-nforce/node_modules/nforce/Gulpfile.js","s":{"1":2,"2":0,"3":0,"4":0,"5":0,"6":0,"7":0,"8":0,"9":0,"10":0,"11":0,"12":0,"13":0,"14":0,"15":0,"16":0,"17":0,"18":0,"19":0,"20":0,"21":0,"22":0,"23":0},"b":{"1":[0,0],"2":[0,0,0],"3":[0,0]},"f":{"1":0,"2":0,"3":0,"4":0,"5":0},"fnMap":{"1":{"name":"(anonymous_1)","line":17,"loc":{"start":{"line":17,"column":18},"end":{"line":17,"column":29}}},"2":{"name":"(anonymous_2)","line":24,"loc":{"start":{"line":24,"column":18},"end":{"line":24,"column":31}}},"3":{"name":"(anonymous_3)","line":37,"loc":{"start":{"line":37,"column":19},"end":{"line":37,"column":34}}},"4":{"name":"(anonymous_4)","line":46,"loc":{"start":{"line":46,"column":19},"end":{"line":46,"column":30}}},"5":{"name":"(anonymous_5)","line":51,"loc":{"start":{"line":51,"column":21},"end":{"line":51,"column":34}}}},"statementMap":{"1":{"start":{"line":1,"column":0},"end":{"line":1,"column":30}},"2":{"start":{"line":2,"column":0},"end":{"line":2,"column":38}},"3":{"start":{"line":3,"column":0},"end":{"line":3,"column":37}},"4":{"start":{"line":4,"column":0},"end":{"line":4,"column":40}},"5":{"start":{"line":5,"column":0},"end":{"line":5,"column":45}},"6":{"start":{"line":7,"column":0},"end":{"line":14,"column":2}},"7":{"start":{"line":17,"column":0},"end":{"line":21,"column":3}},"8":{"start":{"line":18,"column":2},"end":{"line":20,"column":34}},"9":{"start":{"line":24,"column":0},"end":{"line":43,"column":3}},"10":{"start":{"line":26,"column":2},"end":{"line":26,"column":38}},"11":{"start":{"line":28,"column":2},"end":{"line":30,"column":3}},"12":{"start":{"line":29,"column":4},"end":{"line":29,"column":68}},"13":{"start":{"line":32,"column":2},"end":{"line":32,"column":41}},"14":{"start":{"line":33,"column":2},"end":{"line":33,"column":26}},"15":{"start":{"line":35,"column":2},"end":{"line":35,"column":52}},"16":{"start":{"line":37,"column":2},"end":{"line":42,"column":5}},"17":{"start":{"line":38,"column":4},"end":{"line":40,"column":5}},"18":{"start":{"line":39,"column":6},"end":{"line":39,"column":50}},"19":{"start":{"line":41,"column":4},"end":{"line":41,"column":9}},"20":{"start":{"line":46,"column":0},"end":{"line":48,"column":3}},"21":{"start":{"line":47,"column":2},"end":{"line":47,"column":33}},"22":{"start":{"line":51,"column":0},"end":{"line":53,"column":3}},"23":{"start":{"line":52,"column":2},"end":{"line":52,"column":26}}},"branchMap":{"1":{"line":28,"type":"if","locations":[{"start":{"line":28,"column":2},"end":{"line":28,"column":2}},{"start":{"line":28,"column":2},"end":{"line":28,"column":2}}]},"2":{"line":28,"type":"binary-expr","locations":[{"start":{"line":28,"column":5},"end":{"line":28,"column":9}},{"start":{"line":28,"column":13},"end":{"line":28,"column":25}},{"start":{"line":28,"column":29},"end":{"line":28,"column":46}}]},"3":{"line":38,"type":"if","locations":[{"start":{"line":38,"column":4},"end":{"line":38,"column":4}},{"start":{"line":38,"column":4},"end":{"line":38,"column":4}}]}},"code":["var gulp    = require('gulp');","var seq     = require('run-sequence');","var jshint  = require('gulp-jshint');","var stylish = require('jshint-stylish');","var spawn   = require('child_process').spawn;","","var files = {","  js: [","    './*.js',","    './lib/*.js',","    './test/*.js',","    './examples/*.js'","  ]","};","","// run jshint tasks across all js files","gulp.task('lint', function() {","  return gulp.src(files.js)","  .pipe(jshint())","  .pipe(jshint.reporter(stylish));","});","","// run mocha tests","gulp.task('test', function(cb) {","","  var pkg = require('./package.json');","","  if(!pkg || !pkg.scripts || !pkg.scripts.test) {","    return cb(new Error('No test script provided in package.json'));","  }","","  var args = pkg.scripts.test.split(' ');","  var cmd  = args.shift();","","  var test = spawn(cmd, args, { stdio: 'inherit' });","","  test.on('close', function(code) {","    if(code !== 0) {","      return cb(new Error('mocha test failures'));","    }","    cb();","  });","});","","// set up a file watcher and run jshint","gulp.task('watch', function() {","  gulp.watch(files.js, ['lint']);","});","","// default task","gulp.task('default', function(cb) {","  seq('lint', 'test', cb);","});",""],"l":{"1":2,"2":0,"3":0,"4":0,"5":0,"7":0,"17":0,"18":0,"24":0,"26":0,"28":0,"29":0,"32":0,"33":0,"35":0,"37":0,"38":0,"39":0,"41":0,"46":0,"47":0,"51":0,"52":0}}}